Copyright 1986-2022 Xilinx, Inc. All Rights Reserved. Copyright 2022-2024 Advanced Micro Devices, Inc. All Rights Reserved.
------------------------------------------------------------------------------------------------------------------------------------------------------------------------------------------------------------
| Tool Version : Vivado v.2024.2 (win64) Build 5239630 Fri Nov 08 22:35:27 MST 2024
| Date         : Mon Nov 24 17:08:51 2025
| Host         : LAPTOP-3JDOGFA0 running 64-bit major release  (build 9200)
| Command      : report_timing_summary -max_paths 10 -report_unconstrained -file CSSTE_timing_summary_routed.rpt -pb CSSTE_timing_summary_routed.pb -rpx CSSTE_timing_summary_routed.rpx -warn_on_violation
| Design       : CSSTE
| Device       : 7a100t-csg324
| Speed File   : -1  PRODUCTION 1.23 2018-06-13
| Design State : Routed
------------------------------------------------------------------------------------------------------------------------------------------------------------------------------------------------------------

Timing Summary Report

------------------------------------------------------------------------------------------------
| Timer Settings
| --------------
------------------------------------------------------------------------------------------------

  Enable Multi Corner Analysis               :  Yes
  Enable Pessimism Removal                   :  Yes
  Pessimism Removal Resolution               :  Nearest Common Node
  Enable Input Delay Default Clock           :  No
  Enable Preset / Clear Arcs                 :  No
  Disable Flight Delays                      :  No
  Ignore I/O Paths                           :  No
  Timing Early Launch at Borrowing Latches   :  No
  Borrow Time for Max Delay Exceptions       :  Yes
  Merge Timing Exceptions                    :  Yes
  Inter-SLR Compensation                     :  Conservative

  Corner  Analyze    Analyze    
  Name    Max Paths  Min Paths  
  ------  ---------  ---------  
  Slow    Yes        Yes        
  Fast    Yes        Yes        


------------------------------------------------------------------------------------------------
| Report Methodology
| ------------------
------------------------------------------------------------------------------------------------

Rule       Severity          Description                  Violations  
---------  ----------------  ---------------------------  ----------  
TIMING-17  Critical Warning  Non-clocked sequential cell  812         

Note: This report is based on the most recent report_methodology run and may not be up-to-date. Run report_methodology on the current design for the latest report.



check_timing report

Table of Contents
-----------------
1. checking no_clock (820)
2. checking constant_clock (0)
3. checking pulse_width_clock (0)
4. checking unconstrained_internal_endpoints (5323)
5. checking no_input_delay (17)
6. checking no_output_delay (30)
7. checking multiple_clock (0)
8. checking generated_clocks (0)
9. checking loops (0)
10. checking partial_input_delay (0)
11. checking partial_output_delay (0)
12. checking latch_loops (0)

1. checking no_clock (820)
--------------------------
 There are 739 register/latch pins with no clock driven by root clock pin: clk_100mhz (HIGH)

 There are 15 register/latch pins with no clock driven by root clock pin: U1/U2/Regs_0/clk_2_reg/Q (HIGH)

 There are 22 register/latch pins with no clock driven by root clock pin: U8/clkdiv_reg[1]/Q (HIGH)

 There are 2 register/latch pins with no clock driven by root clock pin: U8/clkdiv_reg[24]/Q (HIGH)

 There are 2 register/latch pins with no clock driven by root clock pin: U8/clkdiv_reg[2]/Q (HIGH)

 There are 34 register/latch pins with no clock driven by root clock pin: U8/clkdiv_reg[6]/Q (HIGH)

 There are 2 register/latch pins with no clock driven by root clock pin: U9/u1/sw_reg[10]/Q (HIGH)

 There are 2 register/latch pins with no clock driven by root clock pin: U9/u1/sw_reg[2]/Q (HIGH)

 There are 2 register/latch pins with no clock driven by root clock pin: U9/u1/sw_reg[8]/Q (HIGH)


2. checking constant_clock (0)
------------------------------
 There are 0 register/latch pins with constant_clock.


3. checking pulse_width_clock (0)
---------------------------------
 There are 0 register/latch pins which need pulse_width check


4. checking unconstrained_internal_endpoints (5323)
---------------------------------------------------
 There are 5323 pins that are not constrained for maximum delay. (HIGH)

 There are 0 pins that are not constrained for maximum delay due to constant clock.


5. checking no_input_delay (17)
-------------------------------
 There are 17 input ports with no input delay specified. (HIGH)

 There are 0 input ports with no input delay but user has a false path constraint.


6. checking no_output_delay (30)
--------------------------------
 There are 30 ports with no output delay specified. (HIGH)

 There are 0 ports with no output delay but user has a false path constraint

 There are 0 ports with no output delay but with a timing clock defined on it or propagating through it


7. checking multiple_clock (0)
------------------------------
 There are 0 register/latch pins with multiple clocks.


8. checking generated_clocks (0)
--------------------------------
 There are 0 generated clocks that are not connected to a clock source.


9. checking loops (0)
---------------------
 There are 0 combinational loops in the design.


10. checking partial_input_delay (0)
------------------------------------
 There are 0 input ports with partial input delay specified.


11. checking partial_output_delay (0)
-------------------------------------
 There are 0 ports with partial output delay specified.


12. checking latch_loops (0)
----------------------------
 There are 0 combinational latch loops in the design through latch input



------------------------------------------------------------------------------------------------
| Design Timing Summary
| ---------------------
------------------------------------------------------------------------------------------------

    WNS(ns)      TNS(ns)  TNS Failing Endpoints  TNS Total Endpoints      WHS(ns)      THS(ns)  THS Failing Endpoints  THS Total Endpoints     WPWS(ns)     TPWS(ns)  TPWS Failing Endpoints  TPWS Total Endpoints  
    -------      -------  ---------------------  -------------------      -------      -------  ---------------------  -------------------     --------     --------  ----------------------  --------------------  
        inf        0.000                      0                 5334          inf        0.000                      0                 5334           NA           NA                      NA                    NA  


There are no user specified timing constraints.


------------------------------------------------------------------------------------------------
| Clock Summary
| -------------
------------------------------------------------------------------------------------------------


------------------------------------------------------------------------------------------------
| Intra Clock Table
| -----------------
------------------------------------------------------------------------------------------------

Clock             WNS(ns)      TNS(ns)  TNS Failing Endpoints  TNS Total Endpoints      WHS(ns)      THS(ns)  THS Failing Endpoints  THS Total Endpoints     WPWS(ns)     TPWS(ns)  TPWS Failing Endpoints  TPWS Total Endpoints  
-----             -------      -------  ---------------------  -------------------      -------      -------  ---------------------  -------------------     --------     --------  ----------------------  --------------------  


------------------------------------------------------------------------------------------------
| Inter Clock Table
| -----------------
------------------------------------------------------------------------------------------------

From Clock    To Clock          WNS(ns)      TNS(ns)  TNS Failing Endpoints  TNS Total Endpoints      WHS(ns)      THS(ns)  THS Failing Endpoints  THS Total Endpoints  
----------    --------          -------      -------  ---------------------  -------------------      -------      -------  ---------------------  -------------------  


------------------------------------------------------------------------------------------------
| Other Path Groups Table
| -----------------------
------------------------------------------------------------------------------------------------

Path Group    From Clock    To Clock          WNS(ns)      TNS(ns)  TNS Failing Endpoints  TNS Total Endpoints      WHS(ns)      THS(ns)  THS Failing Endpoints  THS Total Endpoints  
----------    ----------    --------          -------      -------  ---------------------  -------------------      -------      -------  ---------------------  -------------------  


------------------------------------------------------------------------------------------------
| User Ignored Path Table
| -----------------------
------------------------------------------------------------------------------------------------

Path Group    From Clock    To Clock    
----------    ----------    --------    


------------------------------------------------------------------------------------------------
| Unconstrained Path Table
| ------------------------
------------------------------------------------------------------------------------------------

Path Group    From Clock    To Clock    
----------    ----------    --------    
(none)                                    


------------------------------------------------------------------------------------------------
| Timing Details
| --------------
------------------------------------------------------------------------------------------------


--------------------------------------------------------------------------------------
Path Group:  (none)
From Clock:  
  To Clock:  

Max Delay          5334 Endpoints
Min Delay          5334 Endpoints
--------------------------------------------------------------------------------------


Max Delay Paths
--------------------------------------------------------------------------------------
Slack:                    inf
  Source:                 U11/vga_controller/v_count_reg[8]/C
                            (rising edge-triggered cell FDRE)
  Destination:            Green[0]
                            (output port)
  Path Group:             (none)
  Path Type:              Max at Slow Process Corner
  Data Path Delay:        36.565ns  (logic 8.757ns (23.950%)  route 27.808ns (76.050%))
  Logic Levels:           23  (CARRY4=3 FDRE=1 LUT2=2 LUT3=1 LUT4=1 LUT5=1 LUT6=8 MUXF7=3 MUXF8=1 OBUF=1 RAMD64E=1)

    Location             Delay type                Incr(ns)  Path(ns)    Netlist Resource(s)
  -------------------------------------------------------------------    -------------------
    SLICE_X11Y90         FDRE                         0.000     0.000 r  U11/vga_controller/v_count_reg[8]/C
    SLICE_X11Y90         FDRE (Prop_fdre_C_Q)         0.419     0.419 r  U11/vga_controller/v_count_reg[8]/Q
                         net (fo=7, routed)           0.997     1.416    U11/vga_controller/v_count_reg_n_0_[8]
    SLICE_X9Y90          LUT4 (Prop_lut4_I1_O)        0.296     1.712 f  U11/vga_controller/Red_OBUF[3]_inst_i_22/O
                         net (fo=1, routed)           0.665     2.377    U11/vga_controller/Red_OBUF[3]_inst_i_22_n_0
    SLICE_X9Y90          LUT6 (Prop_lut6_I4_O)        0.124     2.501 f  U11/vga_controller/Red_OBUF[3]_inst_i_8/O
                         net (fo=2, routed)           1.002     3.503    U11/vga_controller/Red_OBUF[3]_inst_i_8_n_0
    SLICE_X8Y87          LUT5 (Prop_lut5_I4_O)        0.124     3.627 r  U11/vga_controller/Red_OBUF[3]_inst_i_2/O
                         net (fo=33, routed)          0.703     4.330    U11/vga_controller/h_count_reg[8]_0
    SLICE_X9Y87          LUT3 (Prop_lut3_I0_O)        0.124     4.454 r  U11/vga_controller/display_data_reg_0_63_0_2_i_21/O
                         net (fo=1, routed)           0.000     4.454    U11/vga_controller/display_data_reg_0_63_0_2_i_21_n_0
    SLICE_X9Y87          CARRY4 (Prop_carry4_S[0]_O[0])
                                                      0.247     4.701 r  U11/vga_controller/display_data_reg_0_63_0_2_i_5/O[0]
                         net (fo=446, routed)         6.480    11.181    U11/vga_display/display_data_reg_640_703_0_2/ADDRB3
    SLICE_X10Y64         RAMD64E (Prop_ramd64e_RADR3_O)
                                                      0.299    11.480 r  U11/vga_display/display_data_reg_640_703_0_2/RAMB/O
                         net (fo=1, routed)           0.570    12.050    U11/vga_display/display_data_reg_640_703_0_2_n_1
    SLICE_X11Y66         LUT6 (Prop_lut6_I1_O)        0.124    12.174 r  U11/vga_display/text_ascii_carry_i_114/O
                         net (fo=1, routed)           0.000    12.174    U11/vga_display/text_ascii_carry_i_114_n_0
    SLICE_X11Y66         MUXF7 (Prop_muxf7_I0_O)      0.212    12.386 r  U11/vga_display/text_ascii_carry_i_57/O
                         net (fo=1, routed)           0.000    12.386    U11/vga_display/text_ascii_carry_i_57_n_0
    SLICE_X11Y66         MUXF8 (Prop_muxf8_I1_O)      0.094    12.480 r  U11/vga_display/text_ascii_carry_i_22/O
                         net (fo=1, routed)           1.412    13.892    U11/vga_display/text_ascii_carry_i_22_n_0
    SLICE_X11Y77         LUT6 (Prop_lut6_I5_O)        0.316    14.208 r  U11/vga_display/text_ascii_carry_i_3/O
                         net (fo=2, routed)           0.795    15.002    U11/vga_display/text_ascii0[1]
    SLICE_X8Y85          LUT2 (Prop_lut2_I0_O)        0.124    15.126 r  U11/vga_display/text_ascii_carry_i_7/O
                         net (fo=1, routed)           0.000    15.126    U11/vga_display/text_ascii_carry_i_7_n_0
    SLICE_X8Y85          CARRY4 (Prop_carry4_S[1]_O[2])
                                                      0.578    15.704 r  U11/vga_display/text_ascii_carry/O[2]
                         net (fo=2, routed)           0.987    16.691    U11/vga_display/font_addr0[2]
    SLICE_X8Y89          LUT2 (Prop_lut2_I0_O)        0.301    16.992 r  U11/vga_display/Red_OBUF[3]_inst_i_75/O
                         net (fo=1, routed)           0.000    16.992    U11/vga_display/Red_OBUF[3]_inst_i_75_n_0
    SLICE_X8Y89          CARRY4 (Prop_carry4_S[3]_O[3])
                                                      0.255    17.247 r  U11/vga_display/Red_OBUF[3]_inst_i_31/O[3]
                         net (fo=392, routed)         5.207    22.454    U11/vga_display/O[3]
    SLICE_X15Y95         LUT6 (Prop_lut6_I0_O)        0.307    22.761 r  U11/vga_display/Red_OBUF[3]_inst_i_415/O
                         net (fo=1, routed)           0.000    22.761    U11/vga_display/Red_OBUF[3]_inst_i_415_n_0
    SLICE_X15Y95         MUXF7 (Prop_muxf7_I1_O)      0.217    22.978 r  U11/vga_display/Red_OBUF[3]_inst_i_178/O
                         net (fo=1, routed)           0.947    23.925    U11/vga_display/Red_OBUF[3]_inst_i_178_n_0
    SLICE_X13Y95         LUT6 (Prop_lut6_I5_O)        0.299    24.224 r  U11/vga_display/Red_OBUF[3]_inst_i_69/O
                         net (fo=1, routed)           0.000    24.224    U11/vga_display/Red_OBUF[3]_inst_i_69_n_0
    SLICE_X13Y95         MUXF7 (Prop_muxf7_I0_O)      0.212    24.436 r  U11/vga_display/Red_OBUF[3]_inst_i_28/O
                         net (fo=1, routed)           0.326    24.762    U11/vga_display/Red_OBUF[3]_inst_i_28_n_0
    SLICE_X11Y95         LUT6 (Prop_lut6_I4_O)        0.299    25.061 r  U11/vga_display/Red_OBUF[3]_inst_i_10/O
                         net (fo=1, routed)           0.812    25.872    U11/vga_display/Red_OBUF[3]_inst_i_10_n_0
    SLICE_X10Y97         LUT6 (Prop_lut6_I1_O)        0.124    25.996 r  U11/vga_display/Red_OBUF[3]_inst_i_3/O
                         net (fo=1, routed)           0.295    26.291    U11/vga_display/Red_OBUF[3]_inst_i_3_n_0
    SLICE_X11Y98         LUT6 (Prop_lut6_I1_O)        0.124    26.415 r  U11/vga_display/Red_OBUF[3]_inst_i_1/O
                         net (fo=12, routed)          6.612    33.027    Blue_OBUF[0]
    C6                   OBUF (Prop_obuf_I_O)         3.538    36.565 r  Green_OBUF[0]_inst/O
                         net (fo=0)                   0.000    36.565    Green[0]
    C6                                                                r  Green[0] (OUT)
  -------------------------------------------------------------------    -------------------

Slack:                    inf
  Source:                 U11/vga_controller/v_count_reg[8]/C
                            (rising edge-triggered cell FDRE)
  Destination:            Red[2]
                            (output port)
  Path Group:             (none)
  Path Type:              Max at Slow Process Corner
  Data Path Delay:        36.421ns  (logic 8.754ns (24.036%)  route 27.667ns (75.964%))
  Logic Levels:           23  (CARRY4=3 FDRE=1 LUT2=2 LUT3=1 LUT4=1 LUT5=1 LUT6=8 MUXF7=3 MUXF8=1 OBUF=1 RAMD64E=1)

    Location             Delay type                Incr(ns)  Path(ns)    Netlist Resource(s)
  -------------------------------------------------------------------    -------------------
    SLICE_X11Y90         FDRE                         0.000     0.000 r  U11/vga_controller/v_count_reg[8]/C
    SLICE_X11Y90         FDRE (Prop_fdre_C_Q)         0.419     0.419 r  U11/vga_controller/v_count_reg[8]/Q
                         net (fo=7, routed)           0.997     1.416    U11/vga_controller/v_count_reg_n_0_[8]
    SLICE_X9Y90          LUT4 (Prop_lut4_I1_O)        0.296     1.712 f  U11/vga_controller/Red_OBUF[3]_inst_i_22/O
                         net (fo=1, routed)           0.665     2.377    U11/vga_controller/Red_OBUF[3]_inst_i_22_n_0
    SLICE_X9Y90          LUT6 (Prop_lut6_I4_O)        0.124     2.501 f  U11/vga_controller/Red_OBUF[3]_inst_i_8/O
                         net (fo=2, routed)           1.002     3.503    U11/vga_controller/Red_OBUF[3]_inst_i_8_n_0
    SLICE_X8Y87          LUT5 (Prop_lut5_I4_O)        0.124     3.627 r  U11/vga_controller/Red_OBUF[3]_inst_i_2/O
                         net (fo=33, routed)          0.703     4.330    U11/vga_controller/h_count_reg[8]_0
    SLICE_X9Y87          LUT3 (Prop_lut3_I0_O)        0.124     4.454 r  U11/vga_controller/display_data_reg_0_63_0_2_i_21/O
                         net (fo=1, routed)           0.000     4.454    U11/vga_controller/display_data_reg_0_63_0_2_i_21_n_0
    SLICE_X9Y87          CARRY4 (Prop_carry4_S[0]_O[0])
                                                      0.247     4.701 r  U11/vga_controller/display_data_reg_0_63_0_2_i_5/O[0]
                         net (fo=446, routed)         6.480    11.181    U11/vga_display/display_data_reg_640_703_0_2/ADDRB3
    SLICE_X10Y64         RAMD64E (Prop_ramd64e_RADR3_O)
                                                      0.299    11.480 r  U11/vga_display/display_data_reg_640_703_0_2/RAMB/O
                         net (fo=1, routed)           0.570    12.050    U11/vga_display/display_data_reg_640_703_0_2_n_1
    SLICE_X11Y66         LUT6 (Prop_lut6_I1_O)        0.124    12.174 r  U11/vga_display/text_ascii_carry_i_114/O
                         net (fo=1, routed)           0.000    12.174    U11/vga_display/text_ascii_carry_i_114_n_0
    SLICE_X11Y66         MUXF7 (Prop_muxf7_I0_O)      0.212    12.386 r  U11/vga_display/text_ascii_carry_i_57/O
                         net (fo=1, routed)           0.000    12.386    U11/vga_display/text_ascii_carry_i_57_n_0
    SLICE_X11Y66         MUXF8 (Prop_muxf8_I1_O)      0.094    12.480 r  U11/vga_display/text_ascii_carry_i_22/O
                         net (fo=1, routed)           1.412    13.892    U11/vga_display/text_ascii_carry_i_22_n_0
    SLICE_X11Y77         LUT6 (Prop_lut6_I5_O)        0.316    14.208 r  U11/vga_display/text_ascii_carry_i_3/O
                         net (fo=2, routed)           0.795    15.002    U11/vga_display/text_ascii0[1]
    SLICE_X8Y85          LUT2 (Prop_lut2_I0_O)        0.124    15.126 r  U11/vga_display/text_ascii_carry_i_7/O
                         net (fo=1, routed)           0.000    15.126    U11/vga_display/text_ascii_carry_i_7_n_0
    SLICE_X8Y85          CARRY4 (Prop_carry4_S[1]_O[2])
                                                      0.578    15.704 r  U11/vga_display/text_ascii_carry/O[2]
                         net (fo=2, routed)           0.987    16.691    U11/vga_display/font_addr0[2]
    SLICE_X8Y89          LUT2 (Prop_lut2_I0_O)        0.301    16.992 r  U11/vga_display/Red_OBUF[3]_inst_i_75/O
                         net (fo=1, routed)           0.000    16.992    U11/vga_display/Red_OBUF[3]_inst_i_75_n_0
    SLICE_X8Y89          CARRY4 (Prop_carry4_S[3]_O[3])
                                                      0.255    17.247 r  U11/vga_display/Red_OBUF[3]_inst_i_31/O[3]
                         net (fo=392, routed)         5.207    22.454    U11/vga_display/O[3]
    SLICE_X15Y95         LUT6 (Prop_lut6_I0_O)        0.307    22.761 r  U11/vga_display/Red_OBUF[3]_inst_i_415/O
                         net (fo=1, routed)           0.000    22.761    U11/vga_display/Red_OBUF[3]_inst_i_415_n_0
    SLICE_X15Y95         MUXF7 (Prop_muxf7_I1_O)      0.217    22.978 r  U11/vga_display/Red_OBUF[3]_inst_i_178/O
                         net (fo=1, routed)           0.947    23.925    U11/vga_display/Red_OBUF[3]_inst_i_178_n_0
    SLICE_X13Y95         LUT6 (Prop_lut6_I5_O)        0.299    24.224 r  U11/vga_display/Red_OBUF[3]_inst_i_69/O
                         net (fo=1, routed)           0.000    24.224    U11/vga_display/Red_OBUF[3]_inst_i_69_n_0
    SLICE_X13Y95         MUXF7 (Prop_muxf7_I0_O)      0.212    24.436 r  U11/vga_display/Red_OBUF[3]_inst_i_28/O
                         net (fo=1, routed)           0.326    24.762    U11/vga_display/Red_OBUF[3]_inst_i_28_n_0
    SLICE_X11Y95         LUT6 (Prop_lut6_I4_O)        0.299    25.061 r  U11/vga_display/Red_OBUF[3]_inst_i_10/O
                         net (fo=1, routed)           0.812    25.872    U11/vga_display/Red_OBUF[3]_inst_i_10_n_0
    SLICE_X10Y97         LUT6 (Prop_lut6_I1_O)        0.124    25.996 r  U11/vga_display/Red_OBUF[3]_inst_i_3/O
                         net (fo=1, routed)           0.295    26.291    U11/vga_display/Red_OBUF[3]_inst_i_3_n_0
    SLICE_X11Y98         LUT6 (Prop_lut6_I1_O)        0.124    26.415 r  U11/vga_display/Red_OBUF[3]_inst_i_1/O
                         net (fo=12, routed)          6.471    32.886    Blue_OBUF[0]
    C5                   OBUF (Prop_obuf_I_O)         3.535    36.421 r  Red_OBUF[2]_inst/O
                         net (fo=0)                   0.000    36.421    Red[2]
    C5                                                                r  Red[2] (OUT)
  -------------------------------------------------------------------    -------------------

Slack:                    inf
  Source:                 U11/vga_controller/v_count_reg[8]/C
                            (rising edge-triggered cell FDRE)
  Destination:            Blue[0]
                            (output port)
  Path Group:             (none)
  Path Type:              Max at Slow Process Corner
  Data Path Delay:        36.282ns  (logic 8.766ns (24.161%)  route 27.516ns (75.839%))
  Logic Levels:           23  (CARRY4=3 FDRE=1 LUT2=2 LUT3=1 LUT4=1 LUT5=1 LUT6=8 MUXF7=3 MUXF8=1 OBUF=1 RAMD64E=1)

    Location             Delay type                Incr(ns)  Path(ns)    Netlist Resource(s)
  -------------------------------------------------------------------    -------------------
    SLICE_X11Y90         FDRE                         0.000     0.000 r  U11/vga_controller/v_count_reg[8]/C
    SLICE_X11Y90         FDRE (Prop_fdre_C_Q)         0.419     0.419 r  U11/vga_controller/v_count_reg[8]/Q
                         net (fo=7, routed)           0.997     1.416    U11/vga_controller/v_count_reg_n_0_[8]
    SLICE_X9Y90          LUT4 (Prop_lut4_I1_O)        0.296     1.712 f  U11/vga_controller/Red_OBUF[3]_inst_i_22/O
                         net (fo=1, routed)           0.665     2.377    U11/vga_controller/Red_OBUF[3]_inst_i_22_n_0
    SLICE_X9Y90          LUT6 (Prop_lut6_I4_O)        0.124     2.501 f  U11/vga_controller/Red_OBUF[3]_inst_i_8/O
                         net (fo=2, routed)           1.002     3.503    U11/vga_controller/Red_OBUF[3]_inst_i_8_n_0
    SLICE_X8Y87          LUT5 (Prop_lut5_I4_O)        0.124     3.627 r  U11/vga_controller/Red_OBUF[3]_inst_i_2/O
                         net (fo=33, routed)          0.703     4.330    U11/vga_controller/h_count_reg[8]_0
    SLICE_X9Y87          LUT3 (Prop_lut3_I0_O)        0.124     4.454 r  U11/vga_controller/display_data_reg_0_63_0_2_i_21/O
                         net (fo=1, routed)           0.000     4.454    U11/vga_controller/display_data_reg_0_63_0_2_i_21_n_0
    SLICE_X9Y87          CARRY4 (Prop_carry4_S[0]_O[0])
                                                      0.247     4.701 r  U11/vga_controller/display_data_reg_0_63_0_2_i_5/O[0]
                         net (fo=446, routed)         6.480    11.181    U11/vga_display/display_data_reg_640_703_0_2/ADDRB3
    SLICE_X10Y64         RAMD64E (Prop_ramd64e_RADR3_O)
                                                      0.299    11.480 r  U11/vga_display/display_data_reg_640_703_0_2/RAMB/O
                         net (fo=1, routed)           0.570    12.050    U11/vga_display/display_data_reg_640_703_0_2_n_1
    SLICE_X11Y66         LUT6 (Prop_lut6_I1_O)        0.124    12.174 r  U11/vga_display/text_ascii_carry_i_114/O
                         net (fo=1, routed)           0.000    12.174    U11/vga_display/text_ascii_carry_i_114_n_0
    SLICE_X11Y66         MUXF7 (Prop_muxf7_I0_O)      0.212    12.386 r  U11/vga_display/text_ascii_carry_i_57/O
                         net (fo=1, routed)           0.000    12.386    U11/vga_display/text_ascii_carry_i_57_n_0
    SLICE_X11Y66         MUXF8 (Prop_muxf8_I1_O)      0.094    12.480 r  U11/vga_display/text_ascii_carry_i_22/O
                         net (fo=1, routed)           1.412    13.892    U11/vga_display/text_ascii_carry_i_22_n_0
    SLICE_X11Y77         LUT6 (Prop_lut6_I5_O)        0.316    14.208 r  U11/vga_display/text_ascii_carry_i_3/O
                         net (fo=2, routed)           0.795    15.002    U11/vga_display/text_ascii0[1]
    SLICE_X8Y85          LUT2 (Prop_lut2_I0_O)        0.124    15.126 r  U11/vga_display/text_ascii_carry_i_7/O
                         net (fo=1, routed)           0.000    15.126    U11/vga_display/text_ascii_carry_i_7_n_0
    SLICE_X8Y85          CARRY4 (Prop_carry4_S[1]_O[2])
                                                      0.578    15.704 r  U11/vga_display/text_ascii_carry/O[2]
                         net (fo=2, routed)           0.987    16.691    U11/vga_display/font_addr0[2]
    SLICE_X8Y89          LUT2 (Prop_lut2_I0_O)        0.301    16.992 r  U11/vga_display/Red_OBUF[3]_inst_i_75/O
                         net (fo=1, routed)           0.000    16.992    U11/vga_display/Red_OBUF[3]_inst_i_75_n_0
    SLICE_X8Y89          CARRY4 (Prop_carry4_S[3]_O[3])
                                                      0.255    17.247 r  U11/vga_display/Red_OBUF[3]_inst_i_31/O[3]
                         net (fo=392, routed)         5.207    22.454    U11/vga_display/O[3]
    SLICE_X15Y95         LUT6 (Prop_lut6_I0_O)        0.307    22.761 r  U11/vga_display/Red_OBUF[3]_inst_i_415/O
                         net (fo=1, routed)           0.000    22.761    U11/vga_display/Red_OBUF[3]_inst_i_415_n_0
    SLICE_X15Y95         MUXF7 (Prop_muxf7_I1_O)      0.217    22.978 r  U11/vga_display/Red_OBUF[3]_inst_i_178/O
                         net (fo=1, routed)           0.947    23.925    U11/vga_display/Red_OBUF[3]_inst_i_178_n_0
    SLICE_X13Y95         LUT6 (Prop_lut6_I5_O)        0.299    24.224 r  U11/vga_display/Red_OBUF[3]_inst_i_69/O
                         net (fo=1, routed)           0.000    24.224    U11/vga_display/Red_OBUF[3]_inst_i_69_n_0
    SLICE_X13Y95         MUXF7 (Prop_muxf7_I0_O)      0.212    24.436 r  U11/vga_display/Red_OBUF[3]_inst_i_28/O
                         net (fo=1, routed)           0.326    24.762    U11/vga_display/Red_OBUF[3]_inst_i_28_n_0
    SLICE_X11Y95         LUT6 (Prop_lut6_I4_O)        0.299    25.061 r  U11/vga_display/Red_OBUF[3]_inst_i_10/O
                         net (fo=1, routed)           0.812    25.872    U11/vga_display/Red_OBUF[3]_inst_i_10_n_0
    SLICE_X10Y97         LUT6 (Prop_lut6_I1_O)        0.124    25.996 r  U11/vga_display/Red_OBUF[3]_inst_i_3/O
                         net (fo=1, routed)           0.295    26.291    U11/vga_display/Red_OBUF[3]_inst_i_3_n_0
    SLICE_X11Y98         LUT6 (Prop_lut6_I1_O)        0.124    26.415 r  U11/vga_display/Red_OBUF[3]_inst_i_1/O
                         net (fo=12, routed)          6.320    32.735    Blue_OBUF[0]
    B7                   OBUF (Prop_obuf_I_O)         3.547    36.282 r  Blue_OBUF[0]_inst/O
                         net (fo=0)                   0.000    36.282    Blue[0]
    B7                                                                r  Blue[0] (OUT)
  -------------------------------------------------------------------    -------------------

Slack:                    inf
  Source:                 U11/vga_controller/v_count_reg[8]/C
                            (rising edge-triggered cell FDRE)
  Destination:            Green[2]
                            (output port)
  Path Group:             (none)
  Path Type:              Max at Slow Process Corner
  Data Path Delay:        36.130ns  (logic 8.765ns (24.260%)  route 27.365ns (75.740%))
  Logic Levels:           23  (CARRY4=3 FDRE=1 LUT2=2 LUT3=1 LUT4=1 LUT5=1 LUT6=8 MUXF7=3 MUXF8=1 OBUF=1 RAMD64E=1)

    Location             Delay type                Incr(ns)  Path(ns)    Netlist Resource(s)
  -------------------------------------------------------------------    -------------------
    SLICE_X11Y90         FDRE                         0.000     0.000 r  U11/vga_controller/v_count_reg[8]/C
    SLICE_X11Y90         FDRE (Prop_fdre_C_Q)         0.419     0.419 r  U11/vga_controller/v_count_reg[8]/Q
                         net (fo=7, routed)           0.997     1.416    U11/vga_controller/v_count_reg_n_0_[8]
    SLICE_X9Y90          LUT4 (Prop_lut4_I1_O)        0.296     1.712 f  U11/vga_controller/Red_OBUF[3]_inst_i_22/O
                         net (fo=1, routed)           0.665     2.377    U11/vga_controller/Red_OBUF[3]_inst_i_22_n_0
    SLICE_X9Y90          LUT6 (Prop_lut6_I4_O)        0.124     2.501 f  U11/vga_controller/Red_OBUF[3]_inst_i_8/O
                         net (fo=2, routed)           1.002     3.503    U11/vga_controller/Red_OBUF[3]_inst_i_8_n_0
    SLICE_X8Y87          LUT5 (Prop_lut5_I4_O)        0.124     3.627 r  U11/vga_controller/Red_OBUF[3]_inst_i_2/O
                         net (fo=33, routed)          0.703     4.330    U11/vga_controller/h_count_reg[8]_0
    SLICE_X9Y87          LUT3 (Prop_lut3_I0_O)        0.124     4.454 r  U11/vga_controller/display_data_reg_0_63_0_2_i_21/O
                         net (fo=1, routed)           0.000     4.454    U11/vga_controller/display_data_reg_0_63_0_2_i_21_n_0
    SLICE_X9Y87          CARRY4 (Prop_carry4_S[0]_O[0])
                                                      0.247     4.701 r  U11/vga_controller/display_data_reg_0_63_0_2_i_5/O[0]
                         net (fo=446, routed)         6.480    11.181    U11/vga_display/display_data_reg_640_703_0_2/ADDRB3
    SLICE_X10Y64         RAMD64E (Prop_ramd64e_RADR3_O)
                                                      0.299    11.480 r  U11/vga_display/display_data_reg_640_703_0_2/RAMB/O
                         net (fo=1, routed)           0.570    12.050    U11/vga_display/display_data_reg_640_703_0_2_n_1
    SLICE_X11Y66         LUT6 (Prop_lut6_I1_O)        0.124    12.174 r  U11/vga_display/text_ascii_carry_i_114/O
                         net (fo=1, routed)           0.000    12.174    U11/vga_display/text_ascii_carry_i_114_n_0
    SLICE_X11Y66         MUXF7 (Prop_muxf7_I0_O)      0.212    12.386 r  U11/vga_display/text_ascii_carry_i_57/O
                         net (fo=1, routed)           0.000    12.386    U11/vga_display/text_ascii_carry_i_57_n_0
    SLICE_X11Y66         MUXF8 (Prop_muxf8_I1_O)      0.094    12.480 r  U11/vga_display/text_ascii_carry_i_22/O
                         net (fo=1, routed)           1.412    13.892    U11/vga_display/text_ascii_carry_i_22_n_0
    SLICE_X11Y77         LUT6 (Prop_lut6_I5_O)        0.316    14.208 r  U11/vga_display/text_ascii_carry_i_3/O
                         net (fo=2, routed)           0.795    15.002    U11/vga_display/text_ascii0[1]
    SLICE_X8Y85          LUT2 (Prop_lut2_I0_O)        0.124    15.126 r  U11/vga_display/text_ascii_carry_i_7/O
                         net (fo=1, routed)           0.000    15.126    U11/vga_display/text_ascii_carry_i_7_n_0
    SLICE_X8Y85          CARRY4 (Prop_carry4_S[1]_O[2])
                                                      0.578    15.704 r  U11/vga_display/text_ascii_carry/O[2]
                         net (fo=2, routed)           0.987    16.691    U11/vga_display/font_addr0[2]
    SLICE_X8Y89          LUT2 (Prop_lut2_I0_O)        0.301    16.992 r  U11/vga_display/Red_OBUF[3]_inst_i_75/O
                         net (fo=1, routed)           0.000    16.992    U11/vga_display/Red_OBUF[3]_inst_i_75_n_0
    SLICE_X8Y89          CARRY4 (Prop_carry4_S[3]_O[3])
                                                      0.255    17.247 r  U11/vga_display/Red_OBUF[3]_inst_i_31/O[3]
                         net (fo=392, routed)         5.207    22.454    U11/vga_display/O[3]
    SLICE_X15Y95         LUT6 (Prop_lut6_I0_O)        0.307    22.761 r  U11/vga_display/Red_OBUF[3]_inst_i_415/O
                         net (fo=1, routed)           0.000    22.761    U11/vga_display/Red_OBUF[3]_inst_i_415_n_0
    SLICE_X15Y95         MUXF7 (Prop_muxf7_I1_O)      0.217    22.978 r  U11/vga_display/Red_OBUF[3]_inst_i_178/O
                         net (fo=1, routed)           0.947    23.925    U11/vga_display/Red_OBUF[3]_inst_i_178_n_0
    SLICE_X13Y95         LUT6 (Prop_lut6_I5_O)        0.299    24.224 r  U11/vga_display/Red_OBUF[3]_inst_i_69/O
                         net (fo=1, routed)           0.000    24.224    U11/vga_display/Red_OBUF[3]_inst_i_69_n_0
    SLICE_X13Y95         MUXF7 (Prop_muxf7_I0_O)      0.212    24.436 r  U11/vga_display/Red_OBUF[3]_inst_i_28/O
                         net (fo=1, routed)           0.326    24.762    U11/vga_display/Red_OBUF[3]_inst_i_28_n_0
    SLICE_X11Y95         LUT6 (Prop_lut6_I4_O)        0.299    25.061 r  U11/vga_display/Red_OBUF[3]_inst_i_10/O
                         net (fo=1, routed)           0.812    25.872    U11/vga_display/Red_OBUF[3]_inst_i_10_n_0
    SLICE_X10Y97         LUT6 (Prop_lut6_I1_O)        0.124    25.996 r  U11/vga_display/Red_OBUF[3]_inst_i_3/O
                         net (fo=1, routed)           0.295    26.291    U11/vga_display/Red_OBUF[3]_inst_i_3_n_0
    SLICE_X11Y98         LUT6 (Prop_lut6_I1_O)        0.124    26.415 r  U11/vga_display/Red_OBUF[3]_inst_i_1/O
                         net (fo=12, routed)          6.169    32.584    Blue_OBUF[0]
    B6                   OBUF (Prop_obuf_I_O)         3.546    36.130 r  Green_OBUF[2]_inst/O
                         net (fo=0)                   0.000    36.130    Green[2]
    B6                                                                r  Green[2] (OUT)
  -------------------------------------------------------------------    -------------------

Slack:                    inf
  Source:                 U11/vga_controller/v_count_reg[8]/C
                            (rising edge-triggered cell FDRE)
  Destination:            Green[3]
                            (output port)
  Path Group:             (none)
  Path Type:              Max at Slow Process Corner
  Data Path Delay:        35.980ns  (logic 8.765ns (24.362%)  route 27.214ns (75.638%))
  Logic Levels:           23  (CARRY4=3 FDRE=1 LUT2=2 LUT3=1 LUT4=1 LUT5=1 LUT6=8 MUXF7=3 MUXF8=1 OBUF=1 RAMD64E=1)

    Location             Delay type                Incr(ns)  Path(ns)    Netlist Resource(s)
  -------------------------------------------------------------------    -------------------
    SLICE_X11Y90         FDRE                         0.000     0.000 r  U11/vga_controller/v_count_reg[8]/C
    SLICE_X11Y90         FDRE (Prop_fdre_C_Q)         0.419     0.419 r  U11/vga_controller/v_count_reg[8]/Q
                         net (fo=7, routed)           0.997     1.416    U11/vga_controller/v_count_reg_n_0_[8]
    SLICE_X9Y90          LUT4 (Prop_lut4_I1_O)        0.296     1.712 f  U11/vga_controller/Red_OBUF[3]_inst_i_22/O
                         net (fo=1, routed)           0.665     2.377    U11/vga_controller/Red_OBUF[3]_inst_i_22_n_0
    SLICE_X9Y90          LUT6 (Prop_lut6_I4_O)        0.124     2.501 f  U11/vga_controller/Red_OBUF[3]_inst_i_8/O
                         net (fo=2, routed)           1.002     3.503    U11/vga_controller/Red_OBUF[3]_inst_i_8_n_0
    SLICE_X8Y87          LUT5 (Prop_lut5_I4_O)        0.124     3.627 r  U11/vga_controller/Red_OBUF[3]_inst_i_2/O
                         net (fo=33, routed)          0.703     4.330    U11/vga_controller/h_count_reg[8]_0
    SLICE_X9Y87          LUT3 (Prop_lut3_I0_O)        0.124     4.454 r  U11/vga_controller/display_data_reg_0_63_0_2_i_21/O
                         net (fo=1, routed)           0.000     4.454    U11/vga_controller/display_data_reg_0_63_0_2_i_21_n_0
    SLICE_X9Y87          CARRY4 (Prop_carry4_S[0]_O[0])
                                                      0.247     4.701 r  U11/vga_controller/display_data_reg_0_63_0_2_i_5/O[0]
                         net (fo=446, routed)         6.480    11.181    U11/vga_display/display_data_reg_640_703_0_2/ADDRB3
    SLICE_X10Y64         RAMD64E (Prop_ramd64e_RADR3_O)
                                                      0.299    11.480 r  U11/vga_display/display_data_reg_640_703_0_2/RAMB/O
                         net (fo=1, routed)           0.570    12.050    U11/vga_display/display_data_reg_640_703_0_2_n_1
    SLICE_X11Y66         LUT6 (Prop_lut6_I1_O)        0.124    12.174 r  U11/vga_display/text_ascii_carry_i_114/O
                         net (fo=1, routed)           0.000    12.174    U11/vga_display/text_ascii_carry_i_114_n_0
    SLICE_X11Y66         MUXF7 (Prop_muxf7_I0_O)      0.212    12.386 r  U11/vga_display/text_ascii_carry_i_57/O
                         net (fo=1, routed)           0.000    12.386    U11/vga_display/text_ascii_carry_i_57_n_0
    SLICE_X11Y66         MUXF8 (Prop_muxf8_I1_O)      0.094    12.480 r  U11/vga_display/text_ascii_carry_i_22/O
                         net (fo=1, routed)           1.412    13.892    U11/vga_display/text_ascii_carry_i_22_n_0
    SLICE_X11Y77         LUT6 (Prop_lut6_I5_O)        0.316    14.208 r  U11/vga_display/text_ascii_carry_i_3/O
                         net (fo=2, routed)           0.795    15.002    U11/vga_display/text_ascii0[1]
    SLICE_X8Y85          LUT2 (Prop_lut2_I0_O)        0.124    15.126 r  U11/vga_display/text_ascii_carry_i_7/O
                         net (fo=1, routed)           0.000    15.126    U11/vga_display/text_ascii_carry_i_7_n_0
    SLICE_X8Y85          CARRY4 (Prop_carry4_S[1]_O[2])
                                                      0.578    15.704 r  U11/vga_display/text_ascii_carry/O[2]
                         net (fo=2, routed)           0.987    16.691    U11/vga_display/font_addr0[2]
    SLICE_X8Y89          LUT2 (Prop_lut2_I0_O)        0.301    16.992 r  U11/vga_display/Red_OBUF[3]_inst_i_75/O
                         net (fo=1, routed)           0.000    16.992    U11/vga_display/Red_OBUF[3]_inst_i_75_n_0
    SLICE_X8Y89          CARRY4 (Prop_carry4_S[3]_O[3])
                                                      0.255    17.247 r  U11/vga_display/Red_OBUF[3]_inst_i_31/O[3]
                         net (fo=392, routed)         5.207    22.454    U11/vga_display/O[3]
    SLICE_X15Y95         LUT6 (Prop_lut6_I0_O)        0.307    22.761 r  U11/vga_display/Red_OBUF[3]_inst_i_415/O
                         net (fo=1, routed)           0.000    22.761    U11/vga_display/Red_OBUF[3]_inst_i_415_n_0
    SLICE_X15Y95         MUXF7 (Prop_muxf7_I1_O)      0.217    22.978 r  U11/vga_display/Red_OBUF[3]_inst_i_178/O
                         net (fo=1, routed)           0.947    23.925    U11/vga_display/Red_OBUF[3]_inst_i_178_n_0
    SLICE_X13Y95         LUT6 (Prop_lut6_I5_O)        0.299    24.224 r  U11/vga_display/Red_OBUF[3]_inst_i_69/O
                         net (fo=1, routed)           0.000    24.224    U11/vga_display/Red_OBUF[3]_inst_i_69_n_0
    SLICE_X13Y95         MUXF7 (Prop_muxf7_I0_O)      0.212    24.436 r  U11/vga_display/Red_OBUF[3]_inst_i_28/O
                         net (fo=1, routed)           0.326    24.762    U11/vga_display/Red_OBUF[3]_inst_i_28_n_0
    SLICE_X11Y95         LUT6 (Prop_lut6_I4_O)        0.299    25.061 r  U11/vga_display/Red_OBUF[3]_inst_i_10/O
                         net (fo=1, routed)           0.812    25.872    U11/vga_display/Red_OBUF[3]_inst_i_10_n_0
    SLICE_X10Y97         LUT6 (Prop_lut6_I1_O)        0.124    25.996 r  U11/vga_display/Red_OBUF[3]_inst_i_3/O
                         net (fo=1, routed)           0.295    26.291    U11/vga_display/Red_OBUF[3]_inst_i_3_n_0
    SLICE_X11Y98         LUT6 (Prop_lut6_I1_O)        0.124    26.415 r  U11/vga_display/Red_OBUF[3]_inst_i_1/O
                         net (fo=12, routed)          6.018    32.433    Blue_OBUF[0]
    A6                   OBUF (Prop_obuf_I_O)         3.546    35.980 r  Green_OBUF[3]_inst/O
                         net (fo=0)                   0.000    35.980    Green[3]
    A6                                                                r  Green[3] (OUT)
  -------------------------------------------------------------------    -------------------

Slack:                    inf
  Source:                 U11/vga_controller/v_count_reg[8]/C
                            (rising edge-triggered cell FDRE)
  Destination:            Green[1]
                            (output port)
  Path Group:             (none)
  Path Type:              Max at Slow Process Corner
  Data Path Delay:        35.827ns  (logic 8.764ns (24.461%)  route 27.063ns (75.539%))
  Logic Levels:           23  (CARRY4=3 FDRE=1 LUT2=2 LUT3=1 LUT4=1 LUT5=1 LUT6=8 MUXF7=3 MUXF8=1 OBUF=1 RAMD64E=1)

    Location             Delay type                Incr(ns)  Path(ns)    Netlist Resource(s)
  -------------------------------------------------------------------    -------------------
    SLICE_X11Y90         FDRE                         0.000     0.000 r  U11/vga_controller/v_count_reg[8]/C
    SLICE_X11Y90         FDRE (Prop_fdre_C_Q)         0.419     0.419 r  U11/vga_controller/v_count_reg[8]/Q
                         net (fo=7, routed)           0.997     1.416    U11/vga_controller/v_count_reg_n_0_[8]
    SLICE_X9Y90          LUT4 (Prop_lut4_I1_O)        0.296     1.712 f  U11/vga_controller/Red_OBUF[3]_inst_i_22/O
                         net (fo=1, routed)           0.665     2.377    U11/vga_controller/Red_OBUF[3]_inst_i_22_n_0
    SLICE_X9Y90          LUT6 (Prop_lut6_I4_O)        0.124     2.501 f  U11/vga_controller/Red_OBUF[3]_inst_i_8/O
                         net (fo=2, routed)           1.002     3.503    U11/vga_controller/Red_OBUF[3]_inst_i_8_n_0
    SLICE_X8Y87          LUT5 (Prop_lut5_I4_O)        0.124     3.627 r  U11/vga_controller/Red_OBUF[3]_inst_i_2/O
                         net (fo=33, routed)          0.703     4.330    U11/vga_controller/h_count_reg[8]_0
    SLICE_X9Y87          LUT3 (Prop_lut3_I0_O)        0.124     4.454 r  U11/vga_controller/display_data_reg_0_63_0_2_i_21/O
                         net (fo=1, routed)           0.000     4.454    U11/vga_controller/display_data_reg_0_63_0_2_i_21_n_0
    SLICE_X9Y87          CARRY4 (Prop_carry4_S[0]_O[0])
                                                      0.247     4.701 r  U11/vga_controller/display_data_reg_0_63_0_2_i_5/O[0]
                         net (fo=446, routed)         6.480    11.181    U11/vga_display/display_data_reg_640_703_0_2/ADDRB3
    SLICE_X10Y64         RAMD64E (Prop_ramd64e_RADR3_O)
                                                      0.299    11.480 r  U11/vga_display/display_data_reg_640_703_0_2/RAMB/O
                         net (fo=1, routed)           0.570    12.050    U11/vga_display/display_data_reg_640_703_0_2_n_1
    SLICE_X11Y66         LUT6 (Prop_lut6_I1_O)        0.124    12.174 r  U11/vga_display/text_ascii_carry_i_114/O
                         net (fo=1, routed)           0.000    12.174    U11/vga_display/text_ascii_carry_i_114_n_0
    SLICE_X11Y66         MUXF7 (Prop_muxf7_I0_O)      0.212    12.386 r  U11/vga_display/text_ascii_carry_i_57/O
                         net (fo=1, routed)           0.000    12.386    U11/vga_display/text_ascii_carry_i_57_n_0
    SLICE_X11Y66         MUXF8 (Prop_muxf8_I1_O)      0.094    12.480 r  U11/vga_display/text_ascii_carry_i_22/O
                         net (fo=1, routed)           1.412    13.892    U11/vga_display/text_ascii_carry_i_22_n_0
    SLICE_X11Y77         LUT6 (Prop_lut6_I5_O)        0.316    14.208 r  U11/vga_display/text_ascii_carry_i_3/O
                         net (fo=2, routed)           0.795    15.002    U11/vga_display/text_ascii0[1]
    SLICE_X8Y85          LUT2 (Prop_lut2_I0_O)        0.124    15.126 r  U11/vga_display/text_ascii_carry_i_7/O
                         net (fo=1, routed)           0.000    15.126    U11/vga_display/text_ascii_carry_i_7_n_0
    SLICE_X8Y85          CARRY4 (Prop_carry4_S[1]_O[2])
                                                      0.578    15.704 r  U11/vga_display/text_ascii_carry/O[2]
                         net (fo=2, routed)           0.987    16.691    U11/vga_display/font_addr0[2]
    SLICE_X8Y89          LUT2 (Prop_lut2_I0_O)        0.301    16.992 r  U11/vga_display/Red_OBUF[3]_inst_i_75/O
                         net (fo=1, routed)           0.000    16.992    U11/vga_display/Red_OBUF[3]_inst_i_75_n_0
    SLICE_X8Y89          CARRY4 (Prop_carry4_S[3]_O[3])
                                                      0.255    17.247 r  U11/vga_display/Red_OBUF[3]_inst_i_31/O[3]
                         net (fo=392, routed)         5.207    22.454    U11/vga_display/O[3]
    SLICE_X15Y95         LUT6 (Prop_lut6_I0_O)        0.307    22.761 r  U11/vga_display/Red_OBUF[3]_inst_i_415/O
                         net (fo=1, routed)           0.000    22.761    U11/vga_display/Red_OBUF[3]_inst_i_415_n_0
    SLICE_X15Y95         MUXF7 (Prop_muxf7_I1_O)      0.217    22.978 r  U11/vga_display/Red_OBUF[3]_inst_i_178/O
                         net (fo=1, routed)           0.947    23.925    U11/vga_display/Red_OBUF[3]_inst_i_178_n_0
    SLICE_X13Y95         LUT6 (Prop_lut6_I5_O)        0.299    24.224 r  U11/vga_display/Red_OBUF[3]_inst_i_69/O
                         net (fo=1, routed)           0.000    24.224    U11/vga_display/Red_OBUF[3]_inst_i_69_n_0
    SLICE_X13Y95         MUXF7 (Prop_muxf7_I0_O)      0.212    24.436 r  U11/vga_display/Red_OBUF[3]_inst_i_28/O
                         net (fo=1, routed)           0.326    24.762    U11/vga_display/Red_OBUF[3]_inst_i_28_n_0
    SLICE_X11Y95         LUT6 (Prop_lut6_I4_O)        0.299    25.061 r  U11/vga_display/Red_OBUF[3]_inst_i_10/O
                         net (fo=1, routed)           0.812    25.872    U11/vga_display/Red_OBUF[3]_inst_i_10_n_0
    SLICE_X10Y97         LUT6 (Prop_lut6_I1_O)        0.124    25.996 r  U11/vga_display/Red_OBUF[3]_inst_i_3/O
                         net (fo=1, routed)           0.295    26.291    U11/vga_display/Red_OBUF[3]_inst_i_3_n_0
    SLICE_X11Y98         LUT6 (Prop_lut6_I1_O)        0.124    26.415 r  U11/vga_display/Red_OBUF[3]_inst_i_1/O
                         net (fo=12, routed)          5.867    32.282    Blue_OBUF[0]
    A5                   OBUF (Prop_obuf_I_O)         3.545    35.827 r  Green_OBUF[1]_inst/O
                         net (fo=0)                   0.000    35.827    Green[1]
    A5                                                                r  Green[1] (OUT)
  -------------------------------------------------------------------    -------------------

Slack:                    inf
  Source:                 U11/vga_controller/v_count_reg[8]/C
                            (rising edge-triggered cell FDRE)
  Destination:            Blue[3]
                            (output port)
  Path Group:             (none)
  Path Type:              Max at Slow Process Corner
  Data Path Delay:        35.683ns  (logic 8.771ns (24.579%)  route 26.912ns (75.421%))
  Logic Levels:           23  (CARRY4=3 FDRE=1 LUT2=2 LUT3=1 LUT4=1 LUT5=1 LUT6=8 MUXF7=3 MUXF8=1 OBUF=1 RAMD64E=1)

    Location             Delay type                Incr(ns)  Path(ns)    Netlist Resource(s)
  -------------------------------------------------------------------    -------------------
    SLICE_X11Y90         FDRE                         0.000     0.000 r  U11/vga_controller/v_count_reg[8]/C
    SLICE_X11Y90         FDRE (Prop_fdre_C_Q)         0.419     0.419 r  U11/vga_controller/v_count_reg[8]/Q
                         net (fo=7, routed)           0.997     1.416    U11/vga_controller/v_count_reg_n_0_[8]
    SLICE_X9Y90          LUT4 (Prop_lut4_I1_O)        0.296     1.712 f  U11/vga_controller/Red_OBUF[3]_inst_i_22/O
                         net (fo=1, routed)           0.665     2.377    U11/vga_controller/Red_OBUF[3]_inst_i_22_n_0
    SLICE_X9Y90          LUT6 (Prop_lut6_I4_O)        0.124     2.501 f  U11/vga_controller/Red_OBUF[3]_inst_i_8/O
                         net (fo=2, routed)           1.002     3.503    U11/vga_controller/Red_OBUF[3]_inst_i_8_n_0
    SLICE_X8Y87          LUT5 (Prop_lut5_I4_O)        0.124     3.627 r  U11/vga_controller/Red_OBUF[3]_inst_i_2/O
                         net (fo=33, routed)          0.703     4.330    U11/vga_controller/h_count_reg[8]_0
    SLICE_X9Y87          LUT3 (Prop_lut3_I0_O)        0.124     4.454 r  U11/vga_controller/display_data_reg_0_63_0_2_i_21/O
                         net (fo=1, routed)           0.000     4.454    U11/vga_controller/display_data_reg_0_63_0_2_i_21_n_0
    SLICE_X9Y87          CARRY4 (Prop_carry4_S[0]_O[0])
                                                      0.247     4.701 r  U11/vga_controller/display_data_reg_0_63_0_2_i_5/O[0]
                         net (fo=446, routed)         6.480    11.181    U11/vga_display/display_data_reg_640_703_0_2/ADDRB3
    SLICE_X10Y64         RAMD64E (Prop_ramd64e_RADR3_O)
                                                      0.299    11.480 r  U11/vga_display/display_data_reg_640_703_0_2/RAMB/O
                         net (fo=1, routed)           0.570    12.050    U11/vga_display/display_data_reg_640_703_0_2_n_1
    SLICE_X11Y66         LUT6 (Prop_lut6_I1_O)        0.124    12.174 r  U11/vga_display/text_ascii_carry_i_114/O
                         net (fo=1, routed)           0.000    12.174    U11/vga_display/text_ascii_carry_i_114_n_0
    SLICE_X11Y66         MUXF7 (Prop_muxf7_I0_O)      0.212    12.386 r  U11/vga_display/text_ascii_carry_i_57/O
                         net (fo=1, routed)           0.000    12.386    U11/vga_display/text_ascii_carry_i_57_n_0
    SLICE_X11Y66         MUXF8 (Prop_muxf8_I1_O)      0.094    12.480 r  U11/vga_display/text_ascii_carry_i_22/O
                         net (fo=1, routed)           1.412    13.892    U11/vga_display/text_ascii_carry_i_22_n_0
    SLICE_X11Y77         LUT6 (Prop_lut6_I5_O)        0.316    14.208 r  U11/vga_display/text_ascii_carry_i_3/O
                         net (fo=2, routed)           0.795    15.002    U11/vga_display/text_ascii0[1]
    SLICE_X8Y85          LUT2 (Prop_lut2_I0_O)        0.124    15.126 r  U11/vga_display/text_ascii_carry_i_7/O
                         net (fo=1, routed)           0.000    15.126    U11/vga_display/text_ascii_carry_i_7_n_0
    SLICE_X8Y85          CARRY4 (Prop_carry4_S[1]_O[2])
                                                      0.578    15.704 r  U11/vga_display/text_ascii_carry/O[2]
                         net (fo=2, routed)           0.987    16.691    U11/vga_display/font_addr0[2]
    SLICE_X8Y89          LUT2 (Prop_lut2_I0_O)        0.301    16.992 r  U11/vga_display/Red_OBUF[3]_inst_i_75/O
                         net (fo=1, routed)           0.000    16.992    U11/vga_display/Red_OBUF[3]_inst_i_75_n_0
    SLICE_X8Y89          CARRY4 (Prop_carry4_S[3]_O[3])
                                                      0.255    17.247 r  U11/vga_display/Red_OBUF[3]_inst_i_31/O[3]
                         net (fo=392, routed)         5.207    22.454    U11/vga_display/O[3]
    SLICE_X15Y95         LUT6 (Prop_lut6_I0_O)        0.307    22.761 r  U11/vga_display/Red_OBUF[3]_inst_i_415/O
                         net (fo=1, routed)           0.000    22.761    U11/vga_display/Red_OBUF[3]_inst_i_415_n_0
    SLICE_X15Y95         MUXF7 (Prop_muxf7_I1_O)      0.217    22.978 r  U11/vga_display/Red_OBUF[3]_inst_i_178/O
                         net (fo=1, routed)           0.947    23.925    U11/vga_display/Red_OBUF[3]_inst_i_178_n_0
    SLICE_X13Y95         LUT6 (Prop_lut6_I5_O)        0.299    24.224 r  U11/vga_display/Red_OBUF[3]_inst_i_69/O
                         net (fo=1, routed)           0.000    24.224    U11/vga_display/Red_OBUF[3]_inst_i_69_n_0
    SLICE_X13Y95         MUXF7 (Prop_muxf7_I0_O)      0.212    24.436 r  U11/vga_display/Red_OBUF[3]_inst_i_28/O
                         net (fo=1, routed)           0.326    24.762    U11/vga_display/Red_OBUF[3]_inst_i_28_n_0
    SLICE_X11Y95         LUT6 (Prop_lut6_I4_O)        0.299    25.061 r  U11/vga_display/Red_OBUF[3]_inst_i_10/O
                         net (fo=1, routed)           0.812    25.872    U11/vga_display/Red_OBUF[3]_inst_i_10_n_0
    SLICE_X10Y97         LUT6 (Prop_lut6_I1_O)        0.124    25.996 r  U11/vga_display/Red_OBUF[3]_inst_i_3/O
                         net (fo=1, routed)           0.295    26.291    U11/vga_display/Red_OBUF[3]_inst_i_3_n_0
    SLICE_X11Y98         LUT6 (Prop_lut6_I1_O)        0.124    26.415 r  U11/vga_display/Red_OBUF[3]_inst_i_1/O
                         net (fo=12, routed)          5.716    32.131    Blue_OBUF[0]
    D8                   OBUF (Prop_obuf_I_O)         3.552    35.683 r  Blue_OBUF[3]_inst/O
                         net (fo=0)                   0.000    35.683    Blue[3]
    D8                                                                r  Blue[3] (OUT)
  -------------------------------------------------------------------    -------------------

Slack:                    inf
  Source:                 U11/vga_controller/v_count_reg[8]/C
                            (rising edge-triggered cell FDRE)
  Destination:            Blue[1]
                            (output port)
  Path Group:             (none)
  Path Type:              Max at Slow Process Corner
  Data Path Delay:        35.532ns  (logic 8.770ns (24.683%)  route 26.761ns (75.317%))
  Logic Levels:           23  (CARRY4=3 FDRE=1 LUT2=2 LUT3=1 LUT4=1 LUT5=1 LUT6=8 MUXF7=3 MUXF8=1 OBUF=1 RAMD64E=1)

    Location             Delay type                Incr(ns)  Path(ns)    Netlist Resource(s)
  -------------------------------------------------------------------    -------------------
    SLICE_X11Y90         FDRE                         0.000     0.000 r  U11/vga_controller/v_count_reg[8]/C
    SLICE_X11Y90         FDRE (Prop_fdre_C_Q)         0.419     0.419 r  U11/vga_controller/v_count_reg[8]/Q
                         net (fo=7, routed)           0.997     1.416    U11/vga_controller/v_count_reg_n_0_[8]
    SLICE_X9Y90          LUT4 (Prop_lut4_I1_O)        0.296     1.712 f  U11/vga_controller/Red_OBUF[3]_inst_i_22/O
                         net (fo=1, routed)           0.665     2.377    U11/vga_controller/Red_OBUF[3]_inst_i_22_n_0
    SLICE_X9Y90          LUT6 (Prop_lut6_I4_O)        0.124     2.501 f  U11/vga_controller/Red_OBUF[3]_inst_i_8/O
                         net (fo=2, routed)           1.002     3.503    U11/vga_controller/Red_OBUF[3]_inst_i_8_n_0
    SLICE_X8Y87          LUT5 (Prop_lut5_I4_O)        0.124     3.627 r  U11/vga_controller/Red_OBUF[3]_inst_i_2/O
                         net (fo=33, routed)          0.703     4.330    U11/vga_controller/h_count_reg[8]_0
    SLICE_X9Y87          LUT3 (Prop_lut3_I0_O)        0.124     4.454 r  U11/vga_controller/display_data_reg_0_63_0_2_i_21/O
                         net (fo=1, routed)           0.000     4.454    U11/vga_controller/display_data_reg_0_63_0_2_i_21_n_0
    SLICE_X9Y87          CARRY4 (Prop_carry4_S[0]_O[0])
                                                      0.247     4.701 r  U11/vga_controller/display_data_reg_0_63_0_2_i_5/O[0]
                         net (fo=446, routed)         6.480    11.181    U11/vga_display/display_data_reg_640_703_0_2/ADDRB3
    SLICE_X10Y64         RAMD64E (Prop_ramd64e_RADR3_O)
                                                      0.299    11.480 r  U11/vga_display/display_data_reg_640_703_0_2/RAMB/O
                         net (fo=1, routed)           0.570    12.050    U11/vga_display/display_data_reg_640_703_0_2_n_1
    SLICE_X11Y66         LUT6 (Prop_lut6_I1_O)        0.124    12.174 r  U11/vga_display/text_ascii_carry_i_114/O
                         net (fo=1, routed)           0.000    12.174    U11/vga_display/text_ascii_carry_i_114_n_0
    SLICE_X11Y66         MUXF7 (Prop_muxf7_I0_O)      0.212    12.386 r  U11/vga_display/text_ascii_carry_i_57/O
                         net (fo=1, routed)           0.000    12.386    U11/vga_display/text_ascii_carry_i_57_n_0
    SLICE_X11Y66         MUXF8 (Prop_muxf8_I1_O)      0.094    12.480 r  U11/vga_display/text_ascii_carry_i_22/O
                         net (fo=1, routed)           1.412    13.892    U11/vga_display/text_ascii_carry_i_22_n_0
    SLICE_X11Y77         LUT6 (Prop_lut6_I5_O)        0.316    14.208 r  U11/vga_display/text_ascii_carry_i_3/O
                         net (fo=2, routed)           0.795    15.002    U11/vga_display/text_ascii0[1]
    SLICE_X8Y85          LUT2 (Prop_lut2_I0_O)        0.124    15.126 r  U11/vga_display/text_ascii_carry_i_7/O
                         net (fo=1, routed)           0.000    15.126    U11/vga_display/text_ascii_carry_i_7_n_0
    SLICE_X8Y85          CARRY4 (Prop_carry4_S[1]_O[2])
                                                      0.578    15.704 r  U11/vga_display/text_ascii_carry/O[2]
                         net (fo=2, routed)           0.987    16.691    U11/vga_display/font_addr0[2]
    SLICE_X8Y89          LUT2 (Prop_lut2_I0_O)        0.301    16.992 r  U11/vga_display/Red_OBUF[3]_inst_i_75/O
                         net (fo=1, routed)           0.000    16.992    U11/vga_display/Red_OBUF[3]_inst_i_75_n_0
    SLICE_X8Y89          CARRY4 (Prop_carry4_S[3]_O[3])
                                                      0.255    17.247 r  U11/vga_display/Red_OBUF[3]_inst_i_31/O[3]
                         net (fo=392, routed)         5.207    22.454    U11/vga_display/O[3]
    SLICE_X15Y95         LUT6 (Prop_lut6_I0_O)        0.307    22.761 r  U11/vga_display/Red_OBUF[3]_inst_i_415/O
                         net (fo=1, routed)           0.000    22.761    U11/vga_display/Red_OBUF[3]_inst_i_415_n_0
    SLICE_X15Y95         MUXF7 (Prop_muxf7_I1_O)      0.217    22.978 r  U11/vga_display/Red_OBUF[3]_inst_i_178/O
                         net (fo=1, routed)           0.947    23.925    U11/vga_display/Red_OBUF[3]_inst_i_178_n_0
    SLICE_X13Y95         LUT6 (Prop_lut6_I5_O)        0.299    24.224 r  U11/vga_display/Red_OBUF[3]_inst_i_69/O
                         net (fo=1, routed)           0.000    24.224    U11/vga_display/Red_OBUF[3]_inst_i_69_n_0
    SLICE_X13Y95         MUXF7 (Prop_muxf7_I0_O)      0.212    24.436 r  U11/vga_display/Red_OBUF[3]_inst_i_28/O
                         net (fo=1, routed)           0.326    24.762    U11/vga_display/Red_OBUF[3]_inst_i_28_n_0
    SLICE_X11Y95         LUT6 (Prop_lut6_I4_O)        0.299    25.061 r  U11/vga_display/Red_OBUF[3]_inst_i_10/O
                         net (fo=1, routed)           0.812    25.872    U11/vga_display/Red_OBUF[3]_inst_i_10_n_0
    SLICE_X10Y97         LUT6 (Prop_lut6_I1_O)        0.124    25.996 r  U11/vga_display/Red_OBUF[3]_inst_i_3/O
                         net (fo=1, routed)           0.295    26.291    U11/vga_display/Red_OBUF[3]_inst_i_3_n_0
    SLICE_X11Y98         LUT6 (Prop_lut6_I1_O)        0.124    26.415 r  U11/vga_display/Red_OBUF[3]_inst_i_1/O
                         net (fo=12, routed)          5.565    31.980    Blue_OBUF[0]
    C7                   OBUF (Prop_obuf_I_O)         3.551    35.532 r  Blue_OBUF[1]_inst/O
                         net (fo=0)                   0.000    35.532    Blue[1]
    C7                                                                r  Blue[1] (OUT)
  -------------------------------------------------------------------    -------------------

Slack:                    inf
  Source:                 U11/vga_controller/v_count_reg[8]/C
                            (rising edge-triggered cell FDRE)
  Destination:            Blue[2]
                            (output port)
  Path Group:             (none)
  Path Type:              Max at Slow Process Corner
  Data Path Delay:        35.210ns  (logic 8.742ns (24.829%)  route 26.468ns (75.171%))
  Logic Levels:           23  (CARRY4=3 FDRE=1 LUT2=2 LUT3=1 LUT4=1 LUT5=1 LUT6=8 MUXF7=3 MUXF8=1 OBUF=1 RAMD64E=1)

    Location             Delay type                Incr(ns)  Path(ns)    Netlist Resource(s)
  -------------------------------------------------------------------    -------------------
    SLICE_X11Y90         FDRE                         0.000     0.000 r  U11/vga_controller/v_count_reg[8]/C
    SLICE_X11Y90         FDRE (Prop_fdre_C_Q)         0.419     0.419 r  U11/vga_controller/v_count_reg[8]/Q
                         net (fo=7, routed)           0.997     1.416    U11/vga_controller/v_count_reg_n_0_[8]
    SLICE_X9Y90          LUT4 (Prop_lut4_I1_O)        0.296     1.712 f  U11/vga_controller/Red_OBUF[3]_inst_i_22/O
                         net (fo=1, routed)           0.665     2.377    U11/vga_controller/Red_OBUF[3]_inst_i_22_n_0
    SLICE_X9Y90          LUT6 (Prop_lut6_I4_O)        0.124     2.501 f  U11/vga_controller/Red_OBUF[3]_inst_i_8/O
                         net (fo=2, routed)           1.002     3.503    U11/vga_controller/Red_OBUF[3]_inst_i_8_n_0
    SLICE_X8Y87          LUT5 (Prop_lut5_I4_O)        0.124     3.627 r  U11/vga_controller/Red_OBUF[3]_inst_i_2/O
                         net (fo=33, routed)          0.703     4.330    U11/vga_controller/h_count_reg[8]_0
    SLICE_X9Y87          LUT3 (Prop_lut3_I0_O)        0.124     4.454 r  U11/vga_controller/display_data_reg_0_63_0_2_i_21/O
                         net (fo=1, routed)           0.000     4.454    U11/vga_controller/display_data_reg_0_63_0_2_i_21_n_0
    SLICE_X9Y87          CARRY4 (Prop_carry4_S[0]_O[0])
                                                      0.247     4.701 r  U11/vga_controller/display_data_reg_0_63_0_2_i_5/O[0]
                         net (fo=446, routed)         6.480    11.181    U11/vga_display/display_data_reg_640_703_0_2/ADDRB3
    SLICE_X10Y64         RAMD64E (Prop_ramd64e_RADR3_O)
                                                      0.299    11.480 r  U11/vga_display/display_data_reg_640_703_0_2/RAMB/O
                         net (fo=1, routed)           0.570    12.050    U11/vga_display/display_data_reg_640_703_0_2_n_1
    SLICE_X11Y66         LUT6 (Prop_lut6_I1_O)        0.124    12.174 r  U11/vga_display/text_ascii_carry_i_114/O
                         net (fo=1, routed)           0.000    12.174    U11/vga_display/text_ascii_carry_i_114_n_0
    SLICE_X11Y66         MUXF7 (Prop_muxf7_I0_O)      0.212    12.386 r  U11/vga_display/text_ascii_carry_i_57/O
                         net (fo=1, routed)           0.000    12.386    U11/vga_display/text_ascii_carry_i_57_n_0
    SLICE_X11Y66         MUXF8 (Prop_muxf8_I1_O)      0.094    12.480 r  U11/vga_display/text_ascii_carry_i_22/O
                         net (fo=1, routed)           1.412    13.892    U11/vga_display/text_ascii_carry_i_22_n_0
    SLICE_X11Y77         LUT6 (Prop_lut6_I5_O)        0.316    14.208 r  U11/vga_display/text_ascii_carry_i_3/O
                         net (fo=2, routed)           0.795    15.002    U11/vga_display/text_ascii0[1]
    SLICE_X8Y85          LUT2 (Prop_lut2_I0_O)        0.124    15.126 r  U11/vga_display/text_ascii_carry_i_7/O
                         net (fo=1, routed)           0.000    15.126    U11/vga_display/text_ascii_carry_i_7_n_0
    SLICE_X8Y85          CARRY4 (Prop_carry4_S[1]_O[2])
                                                      0.578    15.704 r  U11/vga_display/text_ascii_carry/O[2]
                         net (fo=2, routed)           0.987    16.691    U11/vga_display/font_addr0[2]
    SLICE_X8Y89          LUT2 (Prop_lut2_I0_O)        0.301    16.992 r  U11/vga_display/Red_OBUF[3]_inst_i_75/O
                         net (fo=1, routed)           0.000    16.992    U11/vga_display/Red_OBUF[3]_inst_i_75_n_0
    SLICE_X8Y89          CARRY4 (Prop_carry4_S[3]_O[3])
                                                      0.255    17.247 r  U11/vga_display/Red_OBUF[3]_inst_i_31/O[3]
                         net (fo=392, routed)         5.207    22.454    U11/vga_display/O[3]
    SLICE_X15Y95         LUT6 (Prop_lut6_I0_O)        0.307    22.761 r  U11/vga_display/Red_OBUF[3]_inst_i_415/O
                         net (fo=1, routed)           0.000    22.761    U11/vga_display/Red_OBUF[3]_inst_i_415_n_0
    SLICE_X15Y95         MUXF7 (Prop_muxf7_I1_O)      0.217    22.978 r  U11/vga_display/Red_OBUF[3]_inst_i_178/O
                         net (fo=1, routed)           0.947    23.925    U11/vga_display/Red_OBUF[3]_inst_i_178_n_0
    SLICE_X13Y95         LUT6 (Prop_lut6_I5_O)        0.299    24.224 r  U11/vga_display/Red_OBUF[3]_inst_i_69/O
                         net (fo=1, routed)           0.000    24.224    U11/vga_display/Red_OBUF[3]_inst_i_69_n_0
    SLICE_X13Y95         MUXF7 (Prop_muxf7_I0_O)      0.212    24.436 r  U11/vga_display/Red_OBUF[3]_inst_i_28/O
                         net (fo=1, routed)           0.326    24.762    U11/vga_display/Red_OBUF[3]_inst_i_28_n_0
    SLICE_X11Y95         LUT6 (Prop_lut6_I4_O)        0.299    25.061 r  U11/vga_display/Red_OBUF[3]_inst_i_10/O
                         net (fo=1, routed)           0.812    25.872    U11/vga_display/Red_OBUF[3]_inst_i_10_n_0
    SLICE_X10Y97         LUT6 (Prop_lut6_I1_O)        0.124    25.996 r  U11/vga_display/Red_OBUF[3]_inst_i_3/O
                         net (fo=1, routed)           0.295    26.291    U11/vga_display/Red_OBUF[3]_inst_i_3_n_0
    SLICE_X11Y98         LUT6 (Prop_lut6_I1_O)        0.124    26.415 r  U11/vga_display/Red_OBUF[3]_inst_i_1/O
                         net (fo=12, routed)          5.272    31.687    Blue_OBUF[0]
    D7                   OBUF (Prop_obuf_I_O)         3.523    35.210 r  Blue_OBUF[2]_inst/O
                         net (fo=0)                   0.000    35.210    Blue[2]
    D7                                                                r  Blue[2] (OUT)
  -------------------------------------------------------------------    -------------------

Slack:                    inf
  Source:                 U11/vga_controller/v_count_reg[8]/C
                            (rising edge-triggered cell FDRE)
  Destination:            Red[1]
                            (output port)
  Path Group:             (none)
  Path Type:              Max at Slow Process Corner
  Data Path Delay:        35.084ns  (logic 8.767ns (24.989%)  route 26.317ns (75.011%))
  Logic Levels:           23  (CARRY4=3 FDRE=1 LUT2=2 LUT3=1 LUT4=1 LUT5=1 LUT6=8 MUXF7=3 MUXF8=1 OBUF=1 RAMD64E=1)

    Location             Delay type                Incr(ns)  Path(ns)    Netlist Resource(s)
  -------------------------------------------------------------------    -------------------
    SLICE_X11Y90         FDRE                         0.000     0.000 r  U11/vga_controller/v_count_reg[8]/C
    SLICE_X11Y90         FDRE (Prop_fdre_C_Q)         0.419     0.419 r  U11/vga_controller/v_count_reg[8]/Q
                         net (fo=7, routed)           0.997     1.416    U11/vga_controller/v_count_reg_n_0_[8]
    SLICE_X9Y90          LUT4 (Prop_lut4_I1_O)        0.296     1.712 f  U11/vga_controller/Red_OBUF[3]_inst_i_22/O
                         net (fo=1, routed)           0.665     2.377    U11/vga_controller/Red_OBUF[3]_inst_i_22_n_0
    SLICE_X9Y90          LUT6 (Prop_lut6_I4_O)        0.124     2.501 f  U11/vga_controller/Red_OBUF[3]_inst_i_8/O
                         net (fo=2, routed)           1.002     3.503    U11/vga_controller/Red_OBUF[3]_inst_i_8_n_0
    SLICE_X8Y87          LUT5 (Prop_lut5_I4_O)        0.124     3.627 r  U11/vga_controller/Red_OBUF[3]_inst_i_2/O
                         net (fo=33, routed)          0.703     4.330    U11/vga_controller/h_count_reg[8]_0
    SLICE_X9Y87          LUT3 (Prop_lut3_I0_O)        0.124     4.454 r  U11/vga_controller/display_data_reg_0_63_0_2_i_21/O
                         net (fo=1, routed)           0.000     4.454    U11/vga_controller/display_data_reg_0_63_0_2_i_21_n_0
    SLICE_X9Y87          CARRY4 (Prop_carry4_S[0]_O[0])
                                                      0.247     4.701 r  U11/vga_controller/display_data_reg_0_63_0_2_i_5/O[0]
                         net (fo=446, routed)         6.480    11.181    U11/vga_display/display_data_reg_640_703_0_2/ADDRB3
    SLICE_X10Y64         RAMD64E (Prop_ramd64e_RADR3_O)
                                                      0.299    11.480 r  U11/vga_display/display_data_reg_640_703_0_2/RAMB/O
                         net (fo=1, routed)           0.570    12.050    U11/vga_display/display_data_reg_640_703_0_2_n_1
    SLICE_X11Y66         LUT6 (Prop_lut6_I1_O)        0.124    12.174 r  U11/vga_display/text_ascii_carry_i_114/O
                         net (fo=1, routed)           0.000    12.174    U11/vga_display/text_ascii_carry_i_114_n_0
    SLICE_X11Y66         MUXF7 (Prop_muxf7_I0_O)      0.212    12.386 r  U11/vga_display/text_ascii_carry_i_57/O
                         net (fo=1, routed)           0.000    12.386    U11/vga_display/text_ascii_carry_i_57_n_0
    SLICE_X11Y66         MUXF8 (Prop_muxf8_I1_O)      0.094    12.480 r  U11/vga_display/text_ascii_carry_i_22/O
                         net (fo=1, routed)           1.412    13.892    U11/vga_display/text_ascii_carry_i_22_n_0
    SLICE_X11Y77         LUT6 (Prop_lut6_I5_O)        0.316    14.208 r  U11/vga_display/text_ascii_carry_i_3/O
                         net (fo=2, routed)           0.795    15.002    U11/vga_display/text_ascii0[1]
    SLICE_X8Y85          LUT2 (Prop_lut2_I0_O)        0.124    15.126 r  U11/vga_display/text_ascii_carry_i_7/O
                         net (fo=1, routed)           0.000    15.126    U11/vga_display/text_ascii_carry_i_7_n_0
    SLICE_X8Y85          CARRY4 (Prop_carry4_S[1]_O[2])
                                                      0.578    15.704 r  U11/vga_display/text_ascii_carry/O[2]
                         net (fo=2, routed)           0.987    16.691    U11/vga_display/font_addr0[2]
    SLICE_X8Y89          LUT2 (Prop_lut2_I0_O)        0.301    16.992 r  U11/vga_display/Red_OBUF[3]_inst_i_75/O
                         net (fo=1, routed)           0.000    16.992    U11/vga_display/Red_OBUF[3]_inst_i_75_n_0
    SLICE_X8Y89          CARRY4 (Prop_carry4_S[3]_O[3])
                                                      0.255    17.247 r  U11/vga_display/Red_OBUF[3]_inst_i_31/O[3]
                         net (fo=392, routed)         5.207    22.454    U11/vga_display/O[3]
    SLICE_X15Y95         LUT6 (Prop_lut6_I0_O)        0.307    22.761 r  U11/vga_display/Red_OBUF[3]_inst_i_415/O
                         net (fo=1, routed)           0.000    22.761    U11/vga_display/Red_OBUF[3]_inst_i_415_n_0
    SLICE_X15Y95         MUXF7 (Prop_muxf7_I1_O)      0.217    22.978 r  U11/vga_display/Red_OBUF[3]_inst_i_178/O
                         net (fo=1, routed)           0.947    23.925    U11/vga_display/Red_OBUF[3]_inst_i_178_n_0
    SLICE_X13Y95         LUT6 (Prop_lut6_I5_O)        0.299    24.224 r  U11/vga_display/Red_OBUF[3]_inst_i_69/O
                         net (fo=1, routed)           0.000    24.224    U11/vga_display/Red_OBUF[3]_inst_i_69_n_0
    SLICE_X13Y95         MUXF7 (Prop_muxf7_I0_O)      0.212    24.436 r  U11/vga_display/Red_OBUF[3]_inst_i_28/O
                         net (fo=1, routed)           0.326    24.762    U11/vga_display/Red_OBUF[3]_inst_i_28_n_0
    SLICE_X11Y95         LUT6 (Prop_lut6_I4_O)        0.299    25.061 r  U11/vga_display/Red_OBUF[3]_inst_i_10/O
                         net (fo=1, routed)           0.812    25.872    U11/vga_display/Red_OBUF[3]_inst_i_10_n_0
    SLICE_X10Y97         LUT6 (Prop_lut6_I1_O)        0.124    25.996 r  U11/vga_display/Red_OBUF[3]_inst_i_3/O
                         net (fo=1, routed)           0.295    26.291    U11/vga_display/Red_OBUF[3]_inst_i_3_n_0
    SLICE_X11Y98         LUT6 (Prop_lut6_I1_O)        0.124    26.415 r  U11/vga_display/Red_OBUF[3]_inst_i_1/O
                         net (fo=12, routed)          5.121    31.536    Blue_OBUF[0]
    B4                   OBUF (Prop_obuf_I_O)         3.548    35.084 r  Red_OBUF[1]_inst/O
                         net (fo=0)                   0.000    35.084    Red[1]
    B4                                                                r  Red[1] (OUT)
  -------------------------------------------------------------------    -------------------





Min Delay Paths
--------------------------------------------------------------------------------------
Slack:                    inf
  Source:                 U11/vga_debugger/display_addr_reg[4]/C
                            (rising edge-triggered cell FDRE)
  Destination:            U11/vga_display/display_data_reg_192_255_6_7/DP/WADR4
  Path Group:             (none)
  Path Type:              Min at Fast Process Corner
  Data Path Delay:        0.245ns  (logic 0.141ns (57.463%)  route 0.104ns (42.537%))
  Logic Levels:           1  (FDRE=1)

    Location             Delay type                Incr(ns)  Path(ns)    Netlist Resource(s)
  -------------------------------------------------------------------    -------------------
    SLICE_X15Y64         FDRE                         0.000     0.000 r  U11/vga_debugger/display_addr_reg[4]/C
    SLICE_X15Y64         FDRE (Prop_fdre_C_Q)         0.141     0.141 r  U11/vga_debugger/display_addr_reg[4]/Q
                         net (fo=875, routed)         0.104     0.245    U11/vga_display/display_data_reg_192_255_6_7/A4
    SLICE_X14Y64         RAMD64E                                      r  U11/vga_display/display_data_reg_192_255_6_7/DP/WADR4
  -------------------------------------------------------------------    -------------------

Slack:                    inf
  Source:                 U11/vga_debugger/display_addr_reg[4]/C
                            (rising edge-triggered cell FDRE)
  Destination:            U11/vga_display/display_data_reg_192_255_6_7/SP/WADR4
  Path Group:             (none)
  Path Type:              Min at Fast Process Corner
  Data Path Delay:        0.245ns  (logic 0.141ns (57.463%)  route 0.104ns (42.537%))
  Logic Levels:           1  (FDRE=1)

    Location             Delay type                Incr(ns)  Path(ns)    Netlist Resource(s)
  -------------------------------------------------------------------    -------------------
    SLICE_X15Y64         FDRE                         0.000     0.000 r  U11/vga_debugger/display_addr_reg[4]/C
    SLICE_X15Y64         FDRE (Prop_fdre_C_Q)         0.141     0.141 r  U11/vga_debugger/display_addr_reg[4]/Q
                         net (fo=875, routed)         0.104     0.245    U11/vga_display/display_data_reg_192_255_6_7/A4
    SLICE_X14Y64         RAMD64E                                      r  U11/vga_display/display_data_reg_192_255_6_7/SP/WADR4
  -------------------------------------------------------------------    -------------------

Slack:                    inf
  Source:                 U11/vga_debugger/display_addr_reg[5]_rep/C
                            (rising edge-triggered cell FDRE)
  Destination:            U11/vga_display/display_data_reg_0_63_0_2/RAMA/WADR5
  Path Group:             (none)
  Path Type:              Min at Fast Process Corner
  Data Path Delay:        0.255ns  (logic 0.128ns (50.213%)  route 0.127ns (49.787%))
  Logic Levels:           1  (FDRE=1)

    Location             Delay type                Incr(ns)  Path(ns)    Netlist Resource(s)
  -------------------------------------------------------------------    -------------------
    SLICE_X15Y66         FDRE                         0.000     0.000 r  U11/vga_debugger/display_addr_reg[5]_rep/C
    SLICE_X15Y66         FDRE (Prop_fdre_C_Q)         0.128     0.128 r  U11/vga_debugger/display_addr_reg[5]_rep/Q
                         net (fo=320, routed)         0.127     0.255    U11/vga_display/display_data_reg_0_63_0_2/ADDRD5
    SLICE_X12Y67         RAMD64E                                      r  U11/vga_display/display_data_reg_0_63_0_2/RAMA/WADR5
  -------------------------------------------------------------------    -------------------

Slack:                    inf
  Source:                 U11/vga_debugger/display_addr_reg[5]_rep/C
                            (rising edge-triggered cell FDRE)
  Destination:            U11/vga_display/display_data_reg_0_63_0_2/RAMB/WADR5
  Path Group:             (none)
  Path Type:              Min at Fast Process Corner
  Data Path Delay:        0.255ns  (logic 0.128ns (50.213%)  route 0.127ns (49.787%))
  Logic Levels:           1  (FDRE=1)

    Location             Delay type                Incr(ns)  Path(ns)    Netlist Resource(s)
  -------------------------------------------------------------------    -------------------
    SLICE_X15Y66         FDRE                         0.000     0.000 r  U11/vga_debugger/display_addr_reg[5]_rep/C
    SLICE_X15Y66         FDRE (Prop_fdre_C_Q)         0.128     0.128 r  U11/vga_debugger/display_addr_reg[5]_rep/Q
                         net (fo=320, routed)         0.127     0.255    U11/vga_display/display_data_reg_0_63_0_2/ADDRD5
    SLICE_X12Y67         RAMD64E                                      r  U11/vga_display/display_data_reg_0_63_0_2/RAMB/WADR5
  -------------------------------------------------------------------    -------------------

Slack:                    inf
  Source:                 U11/vga_debugger/display_addr_reg[5]_rep/C
                            (rising edge-triggered cell FDRE)
  Destination:            U11/vga_display/display_data_reg_0_63_0_2/RAMC/WADR5
  Path Group:             (none)
  Path Type:              Min at Fast Process Corner
  Data Path Delay:        0.255ns  (logic 0.128ns (50.213%)  route 0.127ns (49.787%))
  Logic Levels:           1  (FDRE=1)

    Location             Delay type                Incr(ns)  Path(ns)    Netlist Resource(s)
  -------------------------------------------------------------------    -------------------
    SLICE_X15Y66         FDRE                         0.000     0.000 r  U11/vga_debugger/display_addr_reg[5]_rep/C
    SLICE_X15Y66         FDRE (Prop_fdre_C_Q)         0.128     0.128 r  U11/vga_debugger/display_addr_reg[5]_rep/Q
                         net (fo=320, routed)         0.127     0.255    U11/vga_display/display_data_reg_0_63_0_2/ADDRD5
    SLICE_X12Y67         RAMD64E                                      r  U11/vga_display/display_data_reg_0_63_0_2/RAMC/WADR5
  -------------------------------------------------------------------    -------------------

Slack:                    inf
  Source:                 U11/vga_debugger/display_addr_reg[5]_rep/C
                            (rising edge-triggered cell FDRE)
  Destination:            U11/vga_display/display_data_reg_0_63_0_2/RAMD/WADR5
  Path Group:             (none)
  Path Type:              Min at Fast Process Corner
  Data Path Delay:        0.255ns  (logic 0.128ns (50.213%)  route 0.127ns (49.787%))
  Logic Levels:           1  (FDRE=1)

    Location             Delay type                Incr(ns)  Path(ns)    Netlist Resource(s)
  -------------------------------------------------------------------    -------------------
    SLICE_X15Y66         FDRE                         0.000     0.000 r  U11/vga_debugger/display_addr_reg[5]_rep/C
    SLICE_X15Y66         FDRE (Prop_fdre_C_Q)         0.128     0.128 r  U11/vga_debugger/display_addr_reg[5]_rep/Q
                         net (fo=320, routed)         0.127     0.255    U11/vga_display/display_data_reg_0_63_0_2/ADDRD5
    SLICE_X12Y67         RAMD64E                                      r  U11/vga_display/display_data_reg_0_63_0_2/RAMD/WADR5
  -------------------------------------------------------------------    -------------------

Slack:                    inf
  Source:                 U10/clr0_reg/C
                            (rising edge-triggered cell FDRE)
  Destination:            U10/M0_reg/D
  Path Group:             (none)
  Path Type:              Min at Fast Process Corner
  Data Path Delay:        0.283ns  (logic 0.186ns (65.775%)  route 0.097ns (34.225%))
  Logic Levels:           2  (FDRE=1 LUT3=1)

    Location             Delay type                Incr(ns)  Path(ns)    Netlist Resource(s)
  -------------------------------------------------------------------    -------------------
    SLICE_X0Y64          FDRE                         0.000     0.000 r  U10/clr0_reg/C
    SLICE_X0Y64          FDRE (Prop_fdre_C_Q)         0.141     0.141 f  U10/clr0_reg/Q
                         net (fo=2, routed)           0.097     0.238    U10/clr0_reg_n_0
    SLICE_X1Y64          LUT3 (Prop_lut3_I0_O)        0.045     0.283 r  U10/M0_i_1/O
                         net (fo=1, routed)           0.000     0.283    U10/M0_i_1_n_0
    SLICE_X1Y64          FDRE                                         r  U10/M0_reg/D
  -------------------------------------------------------------------    -------------------

Slack:                    inf
  Source:                 U11/vga_debugger/display_addr_reg[3]/C
                            (rising edge-triggered cell FDRE)
  Destination:            U11/vga_display/display_data_reg_192_255_6_7/DP/WADR3
  Path Group:             (none)
  Path Type:              Min at Fast Process Corner
  Data Path Delay:        0.299ns  (logic 0.141ns (47.230%)  route 0.158ns (52.770%))
  Logic Levels:           1  (FDRE=1)

    Location             Delay type                Incr(ns)  Path(ns)    Netlist Resource(s)
  -------------------------------------------------------------------    -------------------
    SLICE_X15Y64         FDRE                         0.000     0.000 r  U11/vga_debugger/display_addr_reg[3]/C
    SLICE_X15Y64         FDRE (Prop_fdre_C_Q)         0.141     0.141 r  U11/vga_debugger/display_addr_reg[3]/Q
                         net (fo=880, routed)         0.158     0.299    U11/vga_display/display_data_reg_192_255_6_7/A3
    SLICE_X14Y64         RAMD64E                                      r  U11/vga_display/display_data_reg_192_255_6_7/DP/WADR3
  -------------------------------------------------------------------    -------------------

Slack:                    inf
  Source:                 U11/vga_debugger/display_addr_reg[3]/C
                            (rising edge-triggered cell FDRE)
  Destination:            U11/vga_display/display_data_reg_192_255_6_7/SP/WADR3
  Path Group:             (none)
  Path Type:              Min at Fast Process Corner
  Data Path Delay:        0.299ns  (logic 0.141ns (47.230%)  route 0.158ns (52.770%))
  Logic Levels:           1  (FDRE=1)

    Location             Delay type                Incr(ns)  Path(ns)    Netlist Resource(s)
  -------------------------------------------------------------------    -------------------
    SLICE_X15Y64         FDRE                         0.000     0.000 r  U11/vga_debugger/display_addr_reg[3]/C
    SLICE_X15Y64         FDRE (Prop_fdre_C_Q)         0.141     0.141 r  U11/vga_debugger/display_addr_reg[3]/Q
                         net (fo=880, routed)         0.158     0.299    U11/vga_display/display_data_reg_192_255_6_7/A3
    SLICE_X14Y64         RAMD64E                                      r  U11/vga_display/display_data_reg_192_255_6_7/SP/WADR3
  -------------------------------------------------------------------    -------------------

Slack:                    inf
  Source:                 U11/vga_debugger/display_addr_reg[5]_rep__0/C
                            (rising edge-triggered cell FDRE)
  Destination:            U11/vga_display/display_data_reg_1856_1919_6_7/DP/WADR5
  Path Group:             (none)
  Path Type:              Min at Fast Process Corner
  Data Path Delay:        0.310ns  (logic 0.128ns (41.275%)  route 0.182ns (58.725%))
  Logic Levels:           1  (FDRE=1)

    Location             Delay type                Incr(ns)  Path(ns)    Netlist Resource(s)
  -------------------------------------------------------------------    -------------------
    SLICE_X15Y66         FDRE                         0.000     0.000 r  U11/vga_debugger/display_addr_reg[5]_rep__0/C
    SLICE_X15Y66         FDRE (Prop_fdre_C_Q)         0.128     0.128 r  U11/vga_debugger/display_addr_reg[5]_rep__0/Q
                         net (fo=506, routed)         0.182     0.310    U11/vga_display/display_data_reg_1856_1919_6_7/A5
    SLICE_X14Y66         RAMD64E                                      r  U11/vga_display/display_data_reg_1856_1919_6_7/DP/WADR5
  -------------------------------------------------------------------    -------------------





