Copyright 1986-2022 Xilinx, Inc. All Rights Reserved. Copyright 2022-2024 Advanced Micro Devices, Inc. All Rights Reserved.
---------------------------------------------------------------------------------------------------------------------------------------------
| Tool Version : Vivado v.2024.2 (win64) Build 5239630 Fri Nov 08 22:35:27 MST 2024
| Date         : Mon Nov 24 17:08:48 2025
| Host         : LAPTOP-3JDOGFA0 running 64-bit major release  (build 9200)
| Command      : report_drc -file CSSTE_drc_routed.rpt -pb CSSTE_drc_routed.pb -rpx CSSTE_drc_routed.rpx
| Design       : CSSTE
| Device       : xc7a100tcsg324-1
| Speed File   : -1
| Design State : Fully Routed
---------------------------------------------------------------------------------------------------------------------------------------------

Report DRC

Table of Contents
-----------------
1. REPORT SUMMARY
2. REPORT DETAILS

1. REPORT SUMMARY
-----------------
            Netlist: netlist
          Floorplan: design_1
      Design limits: <entire design considered>
           Ruledeck: default
             Max checks: <unlimited>
             Checks found: 7
+-------------+----------+-------------------------------------------------------------+--------+
| Rule        | Severity | Description                                                 | Checks |
+-------------+----------+-------------------------------------------------------------+--------+
| CFGBVS-1    | Warning  | Missing CFGBVS and CONFIG_VOLTAGE Design Properties         | 1      |
| PDRC-132    | Warning  | SLICE_PairEqSame_A6A5_WARN                                  | 2      |
| PDRC-136    | Warning  | SLICE_PairEqSame_C6C5_WARN                                  | 1      |
| PDRC-138    | Warning  | SLICE_PairEqSame_D6D5_WARN                                  | 1      |
| PDRC-153    | Warning  | Gated clock check                                           | 1      |
| PLHOLDVIO-2 | Warning  | Non-Optimal connections which could lead to hold violations | 1      |
+-------------+----------+-------------------------------------------------------------+--------+

2. REPORT DETAILS
-----------------
CFGBVS-1#1 Warning
Missing CFGBVS and CONFIG_VOLTAGE Design Properties  
Neither the CFGBVS nor CONFIG_VOLTAGE voltage property is set in the current_design.  Configuration bank voltage select (CFGBVS) must be set to VCCO or GND, and CONFIG_VOLTAGE must be set to the correct configuration voltage, in order to determine the I/O voltage support for the pins in bank 0.  It is suggested to specify these either using the 'Edit Device Properties' function in the GUI or directly in the XDC file using the following syntax:

 set_property CFGBVS value1 [current_design]
 #where value1 is either VCCO or GND

 set_property CONFIG_VOLTAGE value2 [current_design]
 #where value2 is the voltage provided to configuration bank 0

Refer to the device configuration user guide for more information.
Related violations: <none>

PDRC-132#1 Warning
SLICE_PairEqSame_A6A5_WARN  
Luts A6LUT and A5LUT in use in site SLICE_X5Y57 with different equations without A6 pin connected to Global Logic High.
Related violations: <none>

PDRC-132#2 Warning
SLICE_PairEqSame_A6A5_WARN  
Luts A6LUT and A5LUT in use in site SLICE_X7Y57 with different equations without A6 pin connected to Global Logic High.
Related violations: <none>

PDRC-136#1 Warning
SLICE_PairEqSame_C6C5_WARN  
Luts C6LUT and C5LUT in use in site SLICE_X0Y74 with different equations without A6 pin connected to Global Logic High.
Related violations: <none>

PDRC-138#1 Warning
SLICE_PairEqSame_D6D5_WARN  
Luts D6LUT and D5LUT in use in site SLICE_X0Y74 with different equations without A6 pin connected to Global Logic High.
Related violations: <none>

PDRC-153#1 Warning
Gated clock check  
Net U8/Clk_CPU is a gated clock net sourced by a combinational pin U8/Clk_CPU_INST_0/O, cell U8/Clk_CPU_INST_0. This is not good design practice and will likely impact performance. For SLICE registers, for example, use the CE pin to control the loading of data.
Related violations: <none>

PLHOLDVIO-2#1 Warning
Non-Optimal connections which could lead to hold violations  
A LUT U8/Clk_CPU_INST_0 is driving clock pin of 2 cells. This could lead to large hold time violations. Involved cells are:
U1/U2/Regs_0/clk_2_reg, U10/M0_reg
Related violations: <none>


