
*** Running vivado
    with args -log SCPU.vds -m64 -product Vivado -mode batch -messageDb vivado.pb -notrace -source SCPU.tcl


WARNING: Default location for XILINX_HLS not found

****** Vivado v2024.2 (64-bit)
  **** SW Build 5239630 on Fri Nov 08 22:35:27 MST 2024
  **** IP Build 5239520 on Sun Nov 10 16:12:51 MST 2024
  **** SharedData Build 5239561 on Fri Nov 08 14:39:27 MST 2024
  **** Start of session at: Sat Nov 22 14:44:37 2025
    ** Copyright 1986-2022 Xilinx, Inc. All Rights Reserved.
    ** Copyright 2022-2024 Advanced Micro Devices, Inc. All Rights Reserved.

source SCPU.tcl -notrace
Command: read_checkpoint -auto_incremental -incremental C:/myproject/verilog/lab4/OExp04-IP2CPU/OExp04-IP2CPU.srcs/utils_1/imports/synth_1/SCPU.dcp
INFO: [Vivado 12-5825] Read reference checkpoint from C:/myproject/verilog/lab4/OExp04-IP2CPU/OExp04-IP2CPU.srcs/utils_1/imports/synth_1/SCPU.dcp for incremental synthesis
INFO: [Vivado 12-7989] Please ensure there are no constraint changes
Command: synth_design -top SCPU -part xc7a100tcsg324-1
Starting synth_design
Attempting to get a license for feature 'Synthesis' and/or device 'xc7a100t'
INFO: [Common 17-349] Got license for feature 'Synthesis' and/or device 'xc7a100t'
INFO: [Designutils 20-5440] No compile time benefit to using incremental synthesis; A full resynthesis will be run
INFO: [Designutils 20-4379] Flow is switching to default flow due to incremental criteria not met. If you would like to alter this behaviour and have the flow terminate instead, please set the following parameter config_implementation {autoIncr.Synth.RejectBehavior Terminate}
INFO: [Synth 8-7079] Multithreading enabled for synth_design using a maximum of 2 processes.
INFO: [Synth 8-7078] Launching helper process for spawning children vivado processes
INFO: [Synth 8-7075] Helper process launched with PID 1004
---------------------------------------------------------------------------------
Starting Synthesize : Time (s): cpu = 00:00:03 ; elapsed = 00:00:04 . Memory (MB): peak = 777.098 ; gain = 473.375
---------------------------------------------------------------------------------
INFO: [Synth 8-6157] synthesizing module 'SCPU' [C:/myproject/verilog/lab4/OExp04-IP2CPU/OExp04-IP2CPU.srcs/sources_1/new/SCPU.v:23]
INFO: [Synth 8-6157] synthesizing module 'SCPU_ctrl' [C:/myproject/verilog/lab4/OExp04-IP2CPU/OExp04-IP2CPU.srcs/sources_1/new/SCPU_ctrl.v:23]
INFO: [Synth 8-226] default block is never used [C:/myproject/verilog/lab4/OExp04-IP2CPU/OExp04-IP2CPU.srcs/sources_1/new/SCPU_ctrl.v:132]
INFO: [Synth 8-6155] done synthesizing module 'SCPU_ctrl' (0#1) [C:/myproject/verilog/lab4/OExp04-IP2CPU/OExp04-IP2CPU.srcs/sources_1/new/SCPU_ctrl.v:23]
INFO: [Synth 8-6157] synthesizing module 'DataPath' [C:/myproject/verilog/lab4/OExp04-IP2CPU/OExp04-IP2CPU.srcs/sources_1/new/DataPath.v:23]
INFO: [Synth 8-6157] synthesizing module 'ImmGen' [C:/myproject/verilog/lab4/OExp04-IP2CPU/OExp04-IP2CPU.srcs/sources_1/new/ImmGen.v:23]
INFO: [Synth 8-6155] done synthesizing module 'ImmGen' (0#1) [C:/myproject/verilog/lab4/OExp04-IP2CPU/OExp04-IP2CPU.srcs/sources_1/new/ImmGen.v:23]
INFO: [Synth 8-6157] synthesizing module 'MUX2T1_32' [C:/myproject/verilog/lab4/IP/MUX2T1_32.v:3]
INFO: [Synth 8-6155] done synthesizing module 'MUX2T1_32' (0#1) [C:/myproject/verilog/lab4/IP/MUX2T1_32.v:3]
INFO: [Synth 8-6157] synthesizing module 'MUX4T1_32' [C:/myproject/verilog/lab4/IP/MUX4T1_32.v:4]
INFO: [Synth 8-226] default block is never used [C:/myproject/verilog/lab4/IP/MUX4T1_32.v:15]
INFO: [Synth 8-6155] done synthesizing module 'MUX4T1_32' (0#1) [C:/myproject/verilog/lab4/IP/MUX4T1_32.v:4]
INFO: [Synth 8-6157] synthesizing module 'regs' [C:/myproject/verilog/lab4/IP/regs.v:23]
INFO: [Synth 8-6155] done synthesizing module 'regs' (0#1) [C:/myproject/verilog/lab4/IP/regs.v:23]
INFO: [Synth 8-6157] synthesizing module 'ALU' [C:/myproject/verilog/lab4/IP/ALU.v:23]
INFO: [Synth 8-6155] done synthesizing module 'ALU' (0#1) [C:/myproject/verilog/lab4/IP/ALU.v:23]
INFO: [Synth 8-6157] synthesizing module 'REG32' [C:/myproject/verilog/lab4/OExp04-IP2CPU/OExp04-IP2CPU.srcs/sources_1/new/REG32.v:23]
INFO: [Synth 8-6155] done synthesizing module 'REG32' (0#1) [C:/myproject/verilog/lab4/OExp04-IP2CPU/OExp04-IP2CPU.srcs/sources_1/new/REG32.v:23]
INFO: [Synth 8-6155] done synthesizing module 'DataPath' (0#1) [C:/myproject/verilog/lab4/OExp04-IP2CPU/OExp04-IP2CPU.srcs/sources_1/new/DataPath.v:23]
WARNING: [Synth 8-7071] port 'RegWrite' of module 'DataPath' is unconnected for instance 'U2' [C:/myproject/verilog/lab4/OExp04-IP2CPU/OExp04-IP2CPU.srcs/sources_1/new/SCPU.v:67]
WARNING: [Synth 8-7023] instance 'U2' of module 'DataPath' has 14 connections declared, but only 13 given [C:/myproject/verilog/lab4/OExp04-IP2CPU/OExp04-IP2CPU.srcs/sources_1/new/SCPU.v:67]
INFO: [Synth 8-6155] done synthesizing module 'SCPU' (0#1) [C:/myproject/verilog/lab4/OExp04-IP2CPU/OExp04-IP2CPU.srcs/sources_1/new/SCPU.v:23]
WARNING: [Synth 8-7129] Port inst_field[6] in module ImmGen is either unconnected or has no load
WARNING: [Synth 8-7129] Port inst_field[5] in module ImmGen is either unconnected or has no load
WARNING: [Synth 8-7129] Port inst_field[4] in module ImmGen is either unconnected or has no load
WARNING: [Synth 8-7129] Port inst_field[3] in module ImmGen is either unconnected or has no load
WARNING: [Synth 8-7129] Port inst_field[2] in module ImmGen is either unconnected or has no load
WARNING: [Synth 8-7129] Port inst_field[1] in module ImmGen is either unconnected or has no load
WARNING: [Synth 8-7129] Port inst_field[0] in module ImmGen is either unconnected or has no load
WARNING: [Synth 8-7129] Port MIO_ready in module SCPU_ctrl is either unconnected or has no load
---------------------------------------------------------------------------------
Finished Synthesize : Time (s): cpu = 00:00:05 ; elapsed = 00:00:05 . Memory (MB): peak = 885.914 ; gain = 582.191
---------------------------------------------------------------------------------
---------------------------------------------------------------------------------
Finished Constraint Validation : Time (s): cpu = 00:00:05 ; elapsed = 00:00:06 . Memory (MB): peak = 885.914 ; gain = 582.191
---------------------------------------------------------------------------------
---------------------------------------------------------------------------------
Start Loading Part and Timing Information
---------------------------------------------------------------------------------
Loading part: xc7a100tcsg324-1
---------------------------------------------------------------------------------
Finished Loading Part and Timing Information : Time (s): cpu = 00:00:05 ; elapsed = 00:00:06 . Memory (MB): peak = 885.914 ; gain = 582.191
---------------------------------------------------------------------------------
INFO: [Device 21-403] Loading part xc7a100tcsg324-1
---------------------------------------------------------------------------------
Finished RTL Optimization Phase 2 : Time (s): cpu = 00:00:06 ; elapsed = 00:00:06 . Memory (MB): peak = 885.914 ; gain = 582.191
---------------------------------------------------------------------------------
No constraint files found.
---------------------------------------------------------------------------------
Start RTL Component Statistics 
---------------------------------------------------------------------------------
Detailed RTL Component Info : 
+---Adders : 
	   2 Input   32 Bit       Adders := 3     
	   3 Input   32 Bit       Adders := 1     
+---XORs : 
	   2 Input     32 Bit         XORs := 1     
+---Registers : 
	               32 Bit    Registers := 33    
+---Muxes : 
	   4 Input   32 Bit        Muxes := 2     
	   2 Input   32 Bit        Muxes := 3     
	   7 Input    2 Bit        Muxes := 3     
	   7 Input    1 Bit        Muxes := 5     
	   2 Input    1 Bit        Muxes := 32    
---------------------------------------------------------------------------------
Finished RTL Component Statistics 
---------------------------------------------------------------------------------
---------------------------------------------------------------------------------
Start Part Resource Summary
---------------------------------------------------------------------------------
Part Resources:
DSPs: 240 (col length:80)
BRAMs: 270 (col length: RAMB18 80 RAMB36 40)
---------------------------------------------------------------------------------
Finished Part Resource Summary
---------------------------------------------------------------------------------
No constraint files found.
---------------------------------------------------------------------------------
Start Cross Boundary and Area Optimization
---------------------------------------------------------------------------------
WARNING: [Synth 8-7080] Parallel synthesis criteria is not met
WARNING: [Synth 8-3917] design SCPU has port CPU_MIO driven by constant 0
WARNING: [Synth 8-7129] Port MIO_ready in module SCPU is either unconnected or has no load
WARNING: [Synth 8-7129] Port inst_in[1] in module SCPU is either unconnected or has no load
WARNING: [Synth 8-7129] Port inst_in[0] in module SCPU is either unconnected or has no load
---------------------------------------------------------------------------------
Finished Cross Boundary and Area Optimization : Time (s): cpu = 00:00:09 ; elapsed = 00:00:11 . Memory (MB): peak = 1083.492 ; gain = 779.770
---------------------------------------------------------------------------------
No constraint files found.
---------------------------------------------------------------------------------
Start Timing Optimization
---------------------------------------------------------------------------------
---------------------------------------------------------------------------------
Finished Timing Optimization : Time (s): cpu = 00:00:09 ; elapsed = 00:00:11 . Memory (MB): peak = 1090.367 ; gain = 786.645
---------------------------------------------------------------------------------
---------------------------------------------------------------------------------
Start Technology Mapping
---------------------------------------------------------------------------------
---------------------------------------------------------------------------------
Finished Technology Mapping : Time (s): cpu = 00:00:09 ; elapsed = 00:00:11 . Memory (MB): peak = 1090.367 ; gain = 786.645
---------------------------------------------------------------------------------
---------------------------------------------------------------------------------
Start IO Insertion
---------------------------------------------------------------------------------
---------------------------------------------------------------------------------
Start Flattening Before IO Insertion
---------------------------------------------------------------------------------
---------------------------------------------------------------------------------
Finished Flattening Before IO Insertion
---------------------------------------------------------------------------------
---------------------------------------------------------------------------------
Start Final Netlist Cleanup
---------------------------------------------------------------------------------
---------------------------------------------------------------------------------
Finished Final Netlist Cleanup
---------------------------------------------------------------------------------
---------------------------------------------------------------------------------
Finished IO Insertion : Time (s): cpu = 00:00:12 ; elapsed = 00:00:14 . Memory (MB): peak = 1280.547 ; gain = 976.824
---------------------------------------------------------------------------------
---------------------------------------------------------------------------------
Start Renaming Generated Instances
---------------------------------------------------------------------------------
---------------------------------------------------------------------------------
Finished Renaming Generated Instances : Time (s): cpu = 00:00:12 ; elapsed = 00:00:14 . Memory (MB): peak = 1280.547 ; gain = 976.824
---------------------------------------------------------------------------------
---------------------------------------------------------------------------------
Start Rebuilding User Hierarchy
---------------------------------------------------------------------------------
---------------------------------------------------------------------------------
Finished Rebuilding User Hierarchy : Time (s): cpu = 00:00:12 ; elapsed = 00:00:14 . Memory (MB): peak = 1280.547 ; gain = 976.824
---------------------------------------------------------------------------------
---------------------------------------------------------------------------------
Start Renaming Generated Ports
---------------------------------------------------------------------------------
---------------------------------------------------------------------------------
Finished Renaming Generated Ports : Time (s): cpu = 00:00:12 ; elapsed = 00:00:14 . Memory (MB): peak = 1280.547 ; gain = 976.824
---------------------------------------------------------------------------------
---------------------------------------------------------------------------------
Start Handling Custom Attributes
---------------------------------------------------------------------------------
---------------------------------------------------------------------------------
Finished Handling Custom Attributes : Time (s): cpu = 00:00:12 ; elapsed = 00:00:14 . Memory (MB): peak = 1280.547 ; gain = 976.824
---------------------------------------------------------------------------------
---------------------------------------------------------------------------------
Start Renaming Generated Nets
---------------------------------------------------------------------------------
---------------------------------------------------------------------------------
Finished Renaming Generated Nets : Time (s): cpu = 00:00:12 ; elapsed = 00:00:14 . Memory (MB): peak = 1280.547 ; gain = 976.824
---------------------------------------------------------------------------------
---------------------------------------------------------------------------------
Start Writing Synthesis Report
---------------------------------------------------------------------------------

Report BlackBoxes: 
+-+--------------+----------+
| |BlackBox name |Instances |
+-+--------------+----------+
+-+--------------+----------+

Report Cell Usage: 
+------+-------+------+
|      |Cell   |Count |
+------+-------+------+
|1     |BUFG   |     1|
|2     |CARRY4 |    36|
|3     |LUT1   |     2|
|4     |LUT2   |    22|
|5     |LUT3   |     6|
|6     |LUT4   |    52|
|7     |LUT5   |    33|
|8     |LUT6   |   128|
|9     |FDCE   |    32|
|10    |IBUF   |    32|
|11    |OBUF   |    98|
+------+-------+------+

Report Instance Areas: 
+------+-------------+---------+------+
|      |Instance     |Module   |Cells |
+------+-------------+---------+------+
|1     |top          |         |   442|
|2     |  U2         |DataPath |   274|
|3     |    ALU_v1_0 |ALU      |    45|
|4     |    PC       |REG32    |   209|
+------+-------------+---------+------+
---------------------------------------------------------------------------------
Finished Writing Synthesis Report : Time (s): cpu = 00:00:12 ; elapsed = 00:00:14 . Memory (MB): peak = 1280.547 ; gain = 976.824
---------------------------------------------------------------------------------
Synthesis finished with 0 errors, 0 critical warnings and 15 warnings.
Synthesis Optimization Runtime : Time (s): cpu = 00:00:12 ; elapsed = 00:00:14 . Memory (MB): peak = 1280.547 ; gain = 976.824
Synthesis Optimization Complete : Time (s): cpu = 00:00:12 ; elapsed = 00:00:14 . Memory (MB): peak = 1280.547 ; gain = 976.824
INFO: [Project 1-571] Translating synthesized netlist
Netlist sorting complete. Time (s): cpu = 00:00:00 ; elapsed = 00:00:00.004 . Memory (MB): peak = 1294.648 ; gain = 0.000
INFO: [Netlist 29-17] Analyzing 36 Unisim elements for replacement
INFO: [Netlist 29-28] Unisim Transformation completed in 0 CPU seconds
INFO: [Project 1-570] Preparing netlist for logic optimization
INFO: [Opt 31-138] Pushed 0 inverter(s) to 0 load pin(s).
Netlist sorting complete. Time (s): cpu = 00:00:00 ; elapsed = 00:00:00.001 . Memory (MB): peak = 1407.621 ; gain = 0.000
INFO: [Project 1-111] Unisim Transformation Summary:
No Unisim elements were transformed.

Synth Design complete | Checksum: 2d8cf279
INFO: [Common 17-83] Releasing license: Synthesis
36 Infos, 15 Warnings, 0 Critical Warnings and 0 Errors encountered.
synth_design completed successfully
synth_design: Time (s): cpu = 00:00:13 ; elapsed = 00:00:17 . Memory (MB): peak = 1407.621 ; gain = 1110.020
Write ShapeDB Complete: Time (s): cpu = 00:00:00 ; elapsed = 00:00:00.002 . Memory (MB): peak = 1407.621 ; gain = 0.000
INFO: [Common 17-1381] The checkpoint 'C:/myproject/verilog/lab4/OExp04-IP2CPU/OExp04-IP2CPU.runs/synth_1/SCPU.dcp' has been generated.
INFO: [Vivado 12-24828] Executing command : report_utilization -file SCPU_utilization_synth.rpt -pb SCPU_utilization_synth.pb
INFO: [Common 17-206] Exiting Vivado at Sat Nov 22 14:44:57 2025...
