Copyright 1986-2022 Xilinx, Inc. All Rights Reserved. Copyright 2022-2024 Advanced Micro Devices, Inc. All Rights Reserved.
---------------------------------------------------------------------------------------------------------------------------------------------------------------------------------------------------------------------------------------
| Tool Version : Vivado v.2024.2 (win64) Build 5239630 Fri Nov 08 22:35:27 MST 2024
| Date         : Sat Sep 20 10:59:04 2025
| Host         : LAPTOP-3JDOGFA0 running 64-bit major release  (build 9200)
| Command      : report_timing_summary -max_paths 10 -report_unconstrained -file OExp01_muxctrl_timing_summary_routed.rpt -pb OExp01_muxctrl_timing_summary_routed.pb -rpx OExp01_muxctrl_timing_summary_routed.rpx -warn_on_violation
| Design       : OExp01_muxctrl
| Device       : 7a100t-csg324
| Speed File   : -1  PRODUCTION 1.23 2018-06-13
| Design State : Routed
---------------------------------------------------------------------------------------------------------------------------------------------------------------------------------------------------------------------------------------

Timing Summary Report

------------------------------------------------------------------------------------------------
| Timer Settings
| --------------
------------------------------------------------------------------------------------------------

  Enable Multi Corner Analysis               :  Yes
  Enable Pessimism Removal                   :  Yes
  Pessimism Removal Resolution               :  Nearest Common Node
  Enable Input Delay Default Clock           :  No
  Enable Preset / Clear Arcs                 :  No
  Disable Flight Delays                      :  No
  Ignore I/O Paths                           :  No
  Timing Early Launch at Borrowing Latches   :  No
  Borrow Time for Max Delay Exceptions       :  Yes
  Merge Timing Exceptions                    :  Yes
  Inter-SLR Compensation                     :  Conservative

  Corner  Analyze    Analyze    
  Name    Max Paths  Min Paths  
  ------  ---------  ---------  
  Slow    Yes        Yes        
  Fast    Yes        Yes        


------------------------------------------------------------------------------------------------
| Report Methodology
| ------------------
------------------------------------------------------------------------------------------------

No report available as report_methodology has not been run prior. Run report_methodology on the current design for the summary of methodology violations.



check_timing report

Table of Contents
-----------------
1. checking no_clock (0)
2. checking constant_clock (0)
3. checking pulse_width_clock (0)
4. checking unconstrained_internal_endpoints (0)
5. checking no_input_delay (0)
6. checking no_output_delay (0)
7. checking multiple_clock (0)
8. checking generated_clocks (0)
9. checking loops (0)
10. checking partial_input_delay (0)
11. checking partial_output_delay (0)
12. checking latch_loops (0)

1. checking no_clock (0)
------------------------
 There are 0 register/latch pins with no clock.


2. checking constant_clock (0)
------------------------------
 There are 0 register/latch pins with constant_clock.


3. checking pulse_width_clock (0)
---------------------------------
 There are 0 register/latch pins which need pulse_width check


4. checking unconstrained_internal_endpoints (0)
------------------------------------------------
 There are 0 pins that are not constrained for maximum delay.

 There are 0 pins that are not constrained for maximum delay due to constant clock.


5. checking no_input_delay (0)
------------------------------
 There are 0 input ports with no input delay specified.

 There are 0 input ports with no input delay but user has a false path constraint.


6. checking no_output_delay (0)
-------------------------------
 There are 0 ports with no output delay specified.

 There are 0 ports with no output delay but user has a false path constraint

 There are 0 ports with no output delay but with a timing clock defined on it or propagating through it


7. checking multiple_clock (0)
------------------------------
 There are 0 register/latch pins with multiple clocks.


8. checking generated_clocks (0)
--------------------------------
 There are 0 generated clocks that are not connected to a clock source.


9. checking loops (0)
---------------------
 There are 0 combinational loops in the design.


10. checking partial_input_delay (0)
------------------------------------
 There are 0 input ports with partial input delay specified.


11. checking partial_output_delay (0)
-------------------------------------
 There are 0 ports with partial output delay specified.


12. checking latch_loops (0)
----------------------------
 There are 0 combinational latch loops in the design through latch input



------------------------------------------------------------------------------------------------
| Design Timing Summary
| ---------------------
------------------------------------------------------------------------------------------------

    WNS(ns)      TNS(ns)  TNS Failing Endpoints  TNS Total Endpoints      WHS(ns)      THS(ns)  THS Failing Endpoints  THS Total Endpoints     WPWS(ns)     TPWS(ns)  TPWS Failing Endpoints  TPWS Total Endpoints  
    -------      -------  ---------------------  -------------------      -------      -------  ---------------------  -------------------     --------     --------  ----------------------  --------------------  
        inf        0.000                      0                    5          inf        0.000                      0                    5           NA           NA                      NA                    NA  


There are no user specified timing constraints.


------------------------------------------------------------------------------------------------
| Clock Summary
| -------------
------------------------------------------------------------------------------------------------


------------------------------------------------------------------------------------------------
| Intra Clock Table
| -----------------
------------------------------------------------------------------------------------------------

Clock             WNS(ns)      TNS(ns)  TNS Failing Endpoints  TNS Total Endpoints      WHS(ns)      THS(ns)  THS Failing Endpoints  THS Total Endpoints     WPWS(ns)     TPWS(ns)  TPWS Failing Endpoints  TPWS Total Endpoints  
-----             -------      -------  ---------------------  -------------------      -------      -------  ---------------------  -------------------     --------     --------  ----------------------  --------------------  


------------------------------------------------------------------------------------------------
| Inter Clock Table
| -----------------
------------------------------------------------------------------------------------------------

From Clock    To Clock          WNS(ns)      TNS(ns)  TNS Failing Endpoints  TNS Total Endpoints      WHS(ns)      THS(ns)  THS Failing Endpoints  THS Total Endpoints  
----------    --------          -------      -------  ---------------------  -------------------      -------      -------  ---------------------  -------------------  


------------------------------------------------------------------------------------------------
| Other Path Groups Table
| -----------------------
------------------------------------------------------------------------------------------------

Path Group    From Clock    To Clock          WNS(ns)      TNS(ns)  TNS Failing Endpoints  TNS Total Endpoints      WHS(ns)      THS(ns)  THS Failing Endpoints  THS Total Endpoints  
----------    ----------    --------          -------      -------  ---------------------  -------------------      -------      -------  ---------------------  -------------------  


------------------------------------------------------------------------------------------------
| User Ignored Path Table
| -----------------------
------------------------------------------------------------------------------------------------

Path Group    From Clock    To Clock    
----------    ----------    --------    


------------------------------------------------------------------------------------------------
| Unconstrained Path Table
| ------------------------
------------------------------------------------------------------------------------------------

Path Group    From Clock    To Clock    
----------    ----------    --------    
(none)                                    


------------------------------------------------------------------------------------------------
| Timing Details
| --------------
------------------------------------------------------------------------------------------------


--------------------------------------------------------------------------------------
Path Group:  (none)
From Clock:  
  To Clock:  

Max Delay             5 Endpoints
Min Delay             5 Endpoints
--------------------------------------------------------------------------------------


Max Delay Paths
--------------------------------------------------------------------------------------
Slack:                    inf
  Source:                 I0[2]
                            (input port)
  Destination:            o_0[2]
                            (output port)
  Path Group:             (none)
  Path Type:              Max at Slow Process Corner
  Data Path Delay:        12.121ns  (logic 4.659ns (38.435%)  route 7.462ns (61.565%))
  Logic Levels:           3  (IBUF=1 LUT6=1 OBUF=1)

    Location             Delay type                Incr(ns)  Path(ns)    Netlist Resource(s)
  -------------------------------------------------------------------    -------------------
    T8                                                0.000     0.000 r  I0[2] (IN)
                         net (fo=0)                   0.000     0.000    I0[2]
    T8                   IBUF (Prop_ibuf_I_O)         0.982     0.982 r  I0_IBUF[2]_inst/O
                         net (fo=1, routed)           4.885     5.867    I0_IBUF[2]
    SLICE_X0Y83          LUT6 (Prop_lut6_I2_O)        0.124     5.991 r  o_0_OBUF[2]_inst_i_1/O
                         net (fo=1, routed)           2.577     8.568    o_0_OBUF[2]
    J13                  OBUF (Prop_obuf_I_O)         3.553    12.121 r  o_0_OBUF[2]_inst/O
                         net (fo=0)                   0.000    12.121    o_0[2]
    J13                                                               r  o_0[2] (OUT)
  -------------------------------------------------------------------    -------------------

Slack:                    inf
  Source:                 I1[1]
                            (input port)
  Destination:            o_0[1]
                            (output port)
  Path Group:             (none)
  Path Type:              Max at Slow Process Corner
  Data Path Delay:        11.401ns  (logic 5.126ns (44.959%)  route 6.275ns (55.041%))
  Logic Levels:           3  (IBUF=1 LUT6=1 OBUF=1)

    Location             Delay type                Incr(ns)  Path(ns)    Netlist Resource(s)
  -------------------------------------------------------------------    -------------------
    H6                                                0.000     0.000 r  I1[1] (IN)
                         net (fo=0)                   0.000     0.000    I1[1]
    H6                   IBUF (Prop_ibuf_I_O)         1.467     1.467 r  I1_IBUF[1]_inst/O
                         net (fo=1, routed)           4.175     5.642    I1_IBUF[1]
    SLICE_X0Y88          LUT6 (Prop_lut6_I4_O)        0.124     5.766 r  o_0_OBUF[1]_inst_i_1/O
                         net (fo=1, routed)           2.100     7.866    o_0_OBUF[1]
    K15                  OBUF (Prop_obuf_I_O)         3.535    11.401 r  o_0_OBUF[1]_inst/O
                         net (fo=0)                   0.000    11.401    o_0[1]
    K15                                                               r  o_0[1] (OUT)
  -------------------------------------------------------------------    -------------------

Slack:                    inf
  Source:                 I0[3]
                            (input port)
  Destination:            o_0[3]
                            (output port)
  Path Group:             (none)
  Path Type:              Max at Slow Process Corner
  Data Path Delay:        10.945ns  (logic 4.642ns (42.409%)  route 6.303ns (57.591%))
  Logic Levels:           3  (IBUF=1 LUT6=1 OBUF=1)

    Location             Delay type                Incr(ns)  Path(ns)    Netlist Resource(s)
  -------------------------------------------------------------------    -------------------
    U8                                                0.000     0.000 r  I0[3] (IN)
                         net (fo=0)                   0.000     0.000    I0[3]
    U8                   IBUF (Prop_ibuf_I_O)         0.967     0.967 r  I0_IBUF[3]_inst/O
                         net (fo=1, routed)           4.629     5.596    I0_IBUF[3]
    SLICE_X0Y83          LUT6 (Prop_lut6_I2_O)        0.124     5.720 r  o_0_OBUF[3]_inst_i_1/O
                         net (fo=1, routed)           1.674     7.394    o_0_OBUF[3]
    N14                  OBUF (Prop_obuf_I_O)         3.551    10.945 r  o_0_OBUF[3]_inst/O
                         net (fo=0)                   0.000    10.945    o_0[3]
    N14                                                               r  o_0[3] (OUT)
  -------------------------------------------------------------------    -------------------

Slack:                    inf
  Source:                 I1[0]
                            (input port)
  Destination:            o_0[0]
                            (output port)
  Path Group:             (none)
  Path Type:              Max at Slow Process Corner
  Data Path Delay:        10.103ns  (logic 5.270ns (52.165%)  route 4.833ns (47.835%))
  Logic Levels:           4  (IBUF=1 LUT4=1 LUT6=1 OBUF=1)

    Location             Delay type                Incr(ns)  Path(ns)    Netlist Resource(s)
  -------------------------------------------------------------------    -------------------
    T13                                               0.000     0.000 r  I1[0] (IN)
                         net (fo=0)                   0.000     0.000    I1[0]
    T13                  IBUF (Prop_ibuf_I_O)         1.502     1.502 r  I1_IBUF[0]_inst/O
                         net (fo=2, routed)           2.008     3.510    I1_IBUF[0]
    SLICE_X0Y84          LUT6 (Prop_lut6_I0_O)        0.124     3.634 r  o_0_OBUF[0]_inst_i_2/O
                         net (fo=1, routed)           0.158     3.792    o_0_OBUF[0]_inst_i_2_n_0
    SLICE_X0Y84          LUT4 (Prop_lut4_I3_O)        0.124     3.916 r  o_0_OBUF[0]_inst_i_1/O
                         net (fo=1, routed)           2.667     6.583    o_0_OBUF[0]
    H17                  OBUF (Prop_obuf_I_O)         3.520    10.103 r  o_0_OBUF[0]_inst/O
                         net (fo=0)                   0.000    10.103    o_0[0]
    H17                                                               r  o_0[0] (OUT)
  -------------------------------------------------------------------    -------------------

Slack:                    inf
  Source:                 I1[0]
                            (input port)
  Destination:            o_0[4]
                            (output port)
  Path Group:             (none)
  Path Type:              Max at Slow Process Corner
  Data Path Delay:        8.829ns  (logic 5.178ns (58.647%)  route 3.651ns (41.353%))
  Logic Levels:           3  (IBUF=1 LUT3=1 OBUF=1)

    Location             Delay type                Incr(ns)  Path(ns)    Netlist Resource(s)
  -------------------------------------------------------------------    -------------------
    T13                                               0.000     0.000 r  I1[0] (IN)
                         net (fo=0)                   0.000     0.000    I1[0]
    T13                  IBUF (Prop_ibuf_I_O)         1.502     1.502 r  I1_IBUF[0]_inst/O
                         net (fo=2, routed)           1.836     3.338    I1_IBUF[0]
    SLICE_X0Y84          LUT3 (Prop_lut3_I2_O)        0.124     3.462 r  o_0_OBUF[4]_inst_i_1/O
                         net (fo=1, routed)           1.815     5.277    o_0_OBUF[4]
    R18                  OBUF (Prop_obuf_I_O)         3.552     8.829 r  o_0_OBUF[4]_inst/O
                         net (fo=0)                   0.000     8.829    o_0[4]
    R18                                                               r  o_0[4] (OUT)
  -------------------------------------------------------------------    -------------------





Min Delay Paths
--------------------------------------------------------------------------------------
Slack:                    inf
  Source:                 s[1]
                            (input port)
  Destination:            o_0[3]
                            (output port)
  Path Group:             (none)
  Path Type:              Min at Fast Process Corner
  Data Path Delay:        2.452ns  (logic 1.544ns (62.944%)  route 0.909ns (37.056%))
  Logic Levels:           3  (IBUF=1 LUT6=1 OBUF=1)

    Location             Delay type                Incr(ns)  Path(ns)    Netlist Resource(s)
  -------------------------------------------------------------------    -------------------
    L16                                               0.000     0.000 f  s[1] (IN)
                         net (fo=0)                   0.000     0.000    s[1]
    L16                  IBUF (Prop_ibuf_I_O)         0.247     0.247 f  s_IBUF[1]_inst/O
                         net (fo=5, routed)           0.584     0.831    s_IBUF[1]
    SLICE_X0Y83          LUT6 (Prop_lut6_I5_O)        0.045     0.876 r  o_0_OBUF[3]_inst_i_1/O
                         net (fo=1, routed)           0.325     1.201    o_0_OBUF[3]
    N14                  OBUF (Prop_obuf_I_O)         1.251     2.452 r  o_0_OBUF[3]_inst/O
                         net (fo=0)                   0.000     2.452    o_0[3]
    N14                                                               r  o_0[3] (OUT)
  -------------------------------------------------------------------    -------------------

Slack:                    inf
  Source:                 s[1]
                            (input port)
  Destination:            o_0[1]
                            (output port)
  Path Group:             (none)
  Path Type:              Min at Fast Process Corner
  Data Path Delay:        2.538ns  (logic 1.529ns (60.236%)  route 1.009ns (39.764%))
  Logic Levels:           3  (IBUF=1 LUT6=1 OBUF=1)

    Location             Delay type                Incr(ns)  Path(ns)    Netlist Resource(s)
  -------------------------------------------------------------------    -------------------
    L16                                               0.000     0.000 f  s[1] (IN)
                         net (fo=0)                   0.000     0.000    s[1]
    L16                  IBUF (Prop_ibuf_I_O)         0.247     0.247 f  s_IBUF[1]_inst/O
                         net (fo=5, routed)           0.493     0.740    s_IBUF[1]
    SLICE_X0Y88          LUT6 (Prop_lut6_I5_O)        0.045     0.785 r  o_0_OBUF[1]_inst_i_1/O
                         net (fo=1, routed)           0.516     1.301    o_0_OBUF[1]
    K15                  OBUF (Prop_obuf_I_O)         1.236     2.538 r  o_0_OBUF[1]_inst/O
                         net (fo=0)                   0.000     2.538    o_0[1]
    K15                                                               r  o_0[1] (OUT)
  -------------------------------------------------------------------    -------------------

Slack:                    inf
  Source:                 s[1]
                            (input port)
  Destination:            o_0[4]
                            (output port)
  Path Group:             (none)
  Path Type:              Min at Fast Process Corner
  Data Path Delay:        2.608ns  (logic 1.545ns (59.243%)  route 1.063ns (40.757%))
  Logic Levels:           3  (IBUF=1 LUT3=1 OBUF=1)

    Location             Delay type                Incr(ns)  Path(ns)    Netlist Resource(s)
  -------------------------------------------------------------------    -------------------
    L16                                               0.000     0.000 f  s[1] (IN)
                         net (fo=0)                   0.000     0.000    s[1]
    L16                  IBUF (Prop_ibuf_I_O)         0.247     0.247 f  s_IBUF[1]_inst/O
                         net (fo=5, routed)           0.685     0.933    s_IBUF[1]
    SLICE_X0Y84          LUT3 (Prop_lut3_I0_O)        0.045     0.978 r  o_0_OBUF[4]_inst_i_1/O
                         net (fo=1, routed)           0.377     1.355    o_0_OBUF[4]
    R18                  OBUF (Prop_obuf_I_O)         1.252     2.608 r  o_0_OBUF[4]_inst/O
                         net (fo=0)                   0.000     2.608    o_0[4]
    R18                                                               r  o_0[4] (OUT)
  -------------------------------------------------------------------    -------------------

Slack:                    inf
  Source:                 s2[2]
                            (input port)
  Destination:            o_0[0]
                            (output port)
  Path Group:             (none)
  Path Type:              Min at Fast Process Corner
  Data Path Delay:        2.725ns  (logic 1.531ns (56.208%)  route 1.193ns (43.792%))
  Logic Levels:           3  (IBUF=1 LUT4=1 OBUF=1)

    Location             Delay type                Incr(ns)  Path(ns)    Netlist Resource(s)
  -------------------------------------------------------------------    -------------------
    T18                                               0.000     0.000 r  s2[2] (IN)
                         net (fo=0)                   0.000     0.000    s2[2]
    T18                  IBUF (Prop_ibuf_I_O)         0.265     0.265 r  s2_IBUF[2]_inst/O
                         net (fo=3, routed)           0.439     0.704    s2_IBUF[2]
    SLICE_X0Y84          LUT4 (Prop_lut4_I0_O)        0.045     0.749 r  o_0_OBUF[0]_inst_i_1/O
                         net (fo=1, routed)           0.754     1.503    o_0_OBUF[0]
    H17                  OBUF (Prop_obuf_I_O)         1.221     2.725 r  o_0_OBUF[0]_inst/O
                         net (fo=0)                   0.000     2.725    o_0[0]
    H17                                                               r  o_0[0] (OUT)
  -------------------------------------------------------------------    -------------------

Slack:                    inf
  Source:                 s[1]
                            (input port)
  Destination:            o_0[2]
                            (output port)
  Path Group:             (none)
  Path Type:              Min at Fast Process Corner
  Data Path Delay:        2.828ns  (logic 1.546ns (54.656%)  route 1.282ns (45.344%))
  Logic Levels:           3  (IBUF=1 LUT6=1 OBUF=1)

    Location             Delay type                Incr(ns)  Path(ns)    Netlist Resource(s)
  -------------------------------------------------------------------    -------------------
    L16                                               0.000     0.000 f  s[1] (IN)
                         net (fo=0)                   0.000     0.000    s[1]
    L16                  IBUF (Prop_ibuf_I_O)         0.247     0.247 f  s_IBUF[1]_inst/O
                         net (fo=5, routed)           0.585     0.832    s_IBUF[1]
    SLICE_X0Y83          LUT6 (Prop_lut6_I5_O)        0.045     0.877 r  o_0_OBUF[2]_inst_i_1/O
                         net (fo=1, routed)           0.697     1.575    o_0_OBUF[2]
    J13                  OBUF (Prop_obuf_I_O)         1.253     2.828 r  o_0_OBUF[2]_inst/O
                         net (fo=0)                   0.000     2.828    o_0[2]
    J13                                                               r  o_0[2] (OUT)
  -------------------------------------------------------------------    -------------------





