INFO: [VRFC 10-2263] Analyzing Verilog file "C:/myproject/verilog/lab5/lab5-4/lab5-4/lab5-4.gen/sources_1/ip/RAM/sim/RAM.v" into library xil_defaultlib
INFO: [VRFC 10-311] analyzing module RAM
INFO: [VRFC 10-2263] Analyzing Verilog file "C:/myproject/verilog/lab5/lab5-4/lab5-4/lab5-4.gen/sources_1/ip/ROM_D/sim/ROM_D.v" into library xil_defaultlib
INFO: [VRFC 10-311] analyzing module ROM_D
INFO: [VRFC 10-2263] Analyzing Verilog file "C:/myproject/verilog/lab5/lab5-4/lab5-4/lab5-4.gen/sources_1/ip/Seg7_Dev_2_2/DisplaySync.v" into library xil_defaultlib
INFO: [VRFC 10-311] analyzing module dispsync
INFO: [VRFC 10-2263] Analyzing Verilog file "C:/myproject/verilog/lab5/lab5-4/lab5-4/lab5-4.gen/sources_1/ip/Seg7_Dev_2_2/MC_14495.v" into library xil_defaultlib
INFO: [VRFC 10-311] analyzing module MC_14495
INFO: [VRFC 10-2263] Analyzing Verilog file "C:/myproject/verilog/lab5/lab5-4/lab5-4/lab5-4.gen/sources_1/ip/Seg7_Dev_2_2/Seg7_Dev.v" into library xil_defaultlib
INFO: [VRFC 10-311] analyzing module Seg7_Dev
INFO: [VRFC 10-2263] Analyzing Verilog file "C:/myproject/verilog/lab5/lab5-4/lab5-4/lab5-4.gen/sources_1/ip/Seg7_Dev_2_2/sim/Seg7_Dev_2.v" into library xil_defaultlib
INFO: [VRFC 10-311] analyzing module Seg7_Dev_2
INFO: [VRFC 10-2263] Analyzing Verilog file "C:/myproject/verilog/lab5/lab5-4/IP/ALU.v" into library xil_defaultlib
INFO: [VRFC 10-311] analyzing module ALU
INFO: [VRFC 10-2263] Analyzing Verilog file "C:/myproject/verilog/lab5/lab5-4/IP/Counter/Counter_x.v" into library xil_defaultlib
INFO: [VRFC 10-311] analyzing module Counter_x
INFO: [VRFC 10-2263] Analyzing Verilog file "C:/myproject/verilog/lab5/lab5-4/IP/Ex_reg_Mem.v" into library xil_defaultlib
INFO: [VRFC 10-311] analyzing module Ex_reg_Mem
INFO: [VRFC 10-2263] Analyzing Verilog file "C:/myproject/verilog/lab5/lab5-4/IP/VGA/Hex2Ascii.v" into library xil_defaultlib
INFO: [VRFC 10-311] analyzing module Hex2Ascii
INFO: [VRFC 10-2263] Analyzing Verilog file "C:/myproject/verilog/lab5/lab5-4/IP/ID_reg_Ex.v" into library xil_defaultlib
INFO: [VRFC 10-311] analyzing module ID_reg_Ex
INFO: [VRFC 10-2263] Analyzing Verilog file "C:/myproject/verilog/lab5/lab5-4/IP/IF_reg_ID.v" into library xil_defaultlib
INFO: [VRFC 10-311] analyzing module IF_reg_ID
INFO: [VRFC 10-2263] Analyzing Verilog file "C:/myproject/verilog/lab5/lab5-4/IP/ImmGen.v" into library xil_defaultlib
INFO: [VRFC 10-311] analyzing module ImmGen
INFO: [VRFC 10-2263] Analyzing Verilog file "C:/myproject/verilog/lab5/lab5-4/IP/MIOBUS/MIO_BUS.v" into library xil_defaultlib
INFO: [VRFC 10-311] analyzing module MIO_BUS
INFO: [VRFC 10-2263] Analyzing Verilog file "C:/myproject/verilog/lab5/lab5-4/IP/Mem_reg_WB.v" into library xil_defaultlib
INFO: [VRFC 10-311] analyzing module Mem_reg_WB
INFO: [VRFC 10-2263] Analyzing Verilog file "C:/myproject/verilog/lab5/lab5-4/IP/Multi_8CH32/Multi_8CH32.v" into library xil_defaultlib
INFO: [VRFC 10-311] analyzing module Multi_8CH32
INFO: [VRFC 10-2263] Analyzing Verilog file "C:/myproject/verilog/lab5/lab5-4/IP/PC.v" into library xil_defaultlib
INFO: [VRFC 10-311] analyzing module PC
INFO: [VRFC 10-2263] Analyzing Verilog file "C:/myproject/verilog/lab5/lab5-4/IP/Pipeline_CPU.v" into library xil_defaultlib
INFO: [VRFC 10-311] analyzing module Pipeline_CPU
INFO: [VRFC 10-2263] Analyzing Verilog file "C:/myproject/verilog/lab5/lab5-4/IP/Pipeline_Ex.v" into library xil_defaultlib
INFO: [VRFC 10-311] analyzing module Pipeline_Ex
INFO: [VRFC 10-2263] Analyzing Verilog file "C:/myproject/verilog/lab5/lab5-4/IP/Pipeline_ID.v" into library xil_defaultlib
INFO: [VRFC 10-311] analyzing module Pipeline_ID
INFO: [VRFC 10-2263] Analyzing Verilog file "C:/myproject/verilog/lab5/lab5-4/IP/Pipeline_IF.v" into library xil_defaultlib
INFO: [VRFC 10-311] analyzing module Pipeline_IF
INFO: [VRFC 10-2263] Analyzing Verilog file "C:/myproject/verilog/lab5/lab5-4/IP/Pipeline_Mem.v" into library xil_defaultlib
INFO: [VRFC 10-311] analyzing module Pipeline_Mem
INFO: [VRFC 10-2263] Analyzing Verilog file "C:/myproject/verilog/lab5/lab5-4/IP/Pipeline_WB.v" into library xil_defaultlib
INFO: [VRFC 10-311] analyzing module Pipeline_WB
INFO: [VRFC 10-2263] Analyzing Verilog file "C:/myproject/verilog/lab5/lab5-4/IP/Regs.v" into library xil_defaultlib
INFO: [VRFC 10-311] analyzing module Regs
INFO: [VRFC 10-2263] Analyzing Verilog file "C:/myproject/verilog/lab5/lab5-4/IP/SAnti_jitter/SAnti_jitter.v" into library xil_defaultlib
INFO: [VRFC 10-311] analyzing module SAnti_jitter
INFO: [VRFC 10-2263] Analyzing Verilog file "C:/myproject/verilog/lab5/lab5-4/IP/SCPU_ctrl.v" into library xil_defaultlib
INFO: [VRFC 10-311] analyzing module SCPU_ctrl
INFO: [VRFC 10-2263] Analyzing Verilog file "C:/myproject/verilog/lab5/lab5-4/IP/SPIO/SPIO.v" into library xil_defaultlib
INFO: [VRFC 10-311] analyzing module SPIO
INFO: [VRFC 10-2263] Analyzing Verilog file "C:/myproject/verilog/lab5/lab5-4/IP/VGA/VGA.v" into library xil_defaultlib
INFO: [VRFC 10-311] analyzing module VGA
INFO: [VRFC 10-2263] Analyzing Verilog file "C:/myproject/verilog/lab5/lab5-4/IP/VGA/VgaController.v" into library xil_defaultlib
INFO: [VRFC 10-311] analyzing module VgaController
INFO: [VRFC 10-2263] Analyzing Verilog file "C:/myproject/verilog/lab5/lab5-4/IP/VGA/VgaDebugger.v" into library xil_defaultlib
INFO: [VRFC 10-311] analyzing module VgaDebugger
INFO: [VRFC 10-2263] Analyzing Verilog file "C:/myproject/verilog/lab5/lab5-4/IP/VGA/VgaDisplay.v" into library xil_defaultlib
INFO: [VRFC 10-311] analyzing module VgaDisplay
INFO: [VRFC 10-2263] Analyzing Verilog file "C:/myproject/verilog/lab5/lab5-4/IP/clkdiv/clk_div.v" into library xil_defaultlib
INFO: [VRFC 10-311] analyzing module clk_div
INFO: [VRFC 10-2263] Analyzing Verilog file "C:/myproject/verilog/lab5/lab5-4/IP/stall.v" into library xil_defaultlib
INFO: [VRFC 10-311] analyzing module stall
INFO: [VRFC 10-2263] Analyzing Verilog file "C:/myproject/verilog/lab5/lab5-4/lab5-4/lab5-4.srcs/sources_1/new/CSSTE.v" into library xil_defaultlib
INFO: [VRFC 10-311] analyzing module CSSTE
INFO: [VRFC 10-2263] Analyzing Verilog file "C:/myproject/verilog/lab5/lab5-4/lab5-4/lab5-4.srcs/sim_1/new/SOC_tb.v" into library xil_defaultlib
INFO: [VRFC 10-311] analyzing module SOC_tb
