
*** Running vivado
    with args -log Pipeline_CPU.vds -m64 -product Vivado -mode batch -messageDb vivado.pb -notrace -source Pipeline_CPU.tcl


WARNING: Default location for XILINX_HLS not found

****** Vivado v2024.2 (64-bit)
  **** SW Build 5239630 on Fri Nov 08 22:35:27 MST 2024
  **** IP Build 5239520 on Sun Nov 10 16:12:51 MST 2024
  **** SharedData Build 5239561 on Fri Nov 08 14:39:27 MST 2024
  **** Start of session at: Wed Dec 10 14:19:00 2025
    ** Copyright 1986-2022 Xilinx, Inc. All Rights Reserved.
    ** Copyright 2022-2024 Advanced Micro Devices, Inc. All Rights Reserved.

source Pipeline_CPU.tcl -notrace
Command: synth_design -top Pipeline_CPU -part xc7a100tcsg324-1
Starting synth_design
Attempting to get a license for feature 'Synthesis' and/or device 'xc7a100t'
INFO: [Common 17-349] Got license for feature 'Synthesis' and/or device 'xc7a100t'
INFO: [Synth 8-7079] Multithreading enabled for synth_design using a maximum of 2 processes.
INFO: [Synth 8-7078] Launching helper process for spawning children vivado processes
INFO: [Synth 8-7075] Helper process launched with PID 16820
---------------------------------------------------------------------------------
Starting Synthesize : Time (s): cpu = 00:00:05 ; elapsed = 00:00:05 . Memory (MB): peak = 775.277 ; gain = 478.223
---------------------------------------------------------------------------------
INFO: [Synth 8-6157] synthesizing module 'Pipeline_CPU' [C:/myproject/verilog/lab5/lab5-1/lab5-1/lab5-1.srcs/sources_1/new/Pipeline_CPU.v:3]
INFO: [Synth 8-6157] synthesizing module 'Pipeline_IF' [C:/myproject/verilog/lab5/lab5-1/IP/Pipeline_IF.v:15]
INFO: [Synth 8-6157] synthesizing module 'IF_reg_ID' [C:/myproject/verilog/lab5/lab5-1/IP/IF_reg_ID.v:15]
INFO: [Synth 8-6157] synthesizing module 'Pipeline_ID' [C:/myproject/verilog/lab5/lab5-1/IP/Pipeline_ID.v:15]
WARNING: [Synth 8-689] width (4) of port connection 'ALU_control_ID' does not match port width (3) of module 'Pipeline_ID_bbox_2' [C:/myproject/verilog/lab5/lab5-1/lab5-1/lab5-1.srcs/sources_1/new/Pipeline_CPU.v:109]
WARNING: [Synth 8-689] width (2) of port connection 'Jump_ID' does not match port width (1) of module 'Pipeline_ID_bbox_2' [C:/myproject/verilog/lab5/lab5-1/lab5-1/lab5-1.srcs/sources_1/new/Pipeline_CPU.v:113]
ERROR: [Synth 8-11365] for the instance 'pipe_id' of module 'Pipeline_ID' declared at 'C:/myproject/verilog/lab5/lab5-1/IP/Pipeline_ID.v:15', named port connection 'imm_sel' does not exist [C:/myproject/verilog/lab5/lab5-1/lab5-1/lab5-1.srcs/sources_1/new/Pipeline_CPU.v:116]
INFO: [Synth 8-6157] synthesizing module 'ID_reg_Ex' [C:/myproject/verilog/lab5/lab5-1/IP/ID_reg_Ex.v:15]
ERROR: [Synth 8-6156] failed synthesizing module 'ID_reg_Ex' [C:/myproject/verilog/lab5/lab5-1/IP/ID_reg_Ex.v:15]
ERROR: [Synth 8-6156] failed synthesizing module 'Pipeline_CPU' [C:/myproject/verilog/lab5/lab5-1/lab5-1/lab5-1.srcs/sources_1/new/Pipeline_CPU.v:3]
---------------------------------------------------------------------------------
Finished Synthesize : Time (s): cpu = 00:00:06 ; elapsed = 00:00:07 . Memory (MB): peak = 880.281 ; gain = 583.227
---------------------------------------------------------------------------------
synthesize failed
INFO: [Common 17-83] Releasing license: Synthesis
10 Infos, 2 Warnings, 0 Critical Warnings and 4 Errors encountered.
synth_design failed
ERROR: [Common 17-69] Command failed: Vivado Synthesis failed
INFO: [Common 17-206] Exiting Vivado at Wed Dec 10 14:19:12 2025...
