
*** Running vivado
    with args -log CSSTE.vds -m64 -product Vivado -mode batch -messageDb vivado.pb -notrace -source CSSTE.tcl


WARNING: Default location for XILINX_HLS not found

****** Vivado v2024.2 (64-bit)
  **** SW Build 5239630 on Fri Nov 08 22:35:27 MST 2024
  **** IP Build 5239520 on Sun Nov 10 16:12:51 MST 2024
  **** SharedData Build 5239561 on Fri Nov 08 14:39:27 MST 2024
  **** Start of session at: Mon Nov 24 17:06:39 2025
    ** Copyright 1986-2022 Xilinx, Inc. All Rights Reserved.
    ** Copyright 2022-2024 Advanced Micro Devices, Inc. All Rights Reserved.

source CSSTE.tcl -notrace
INFO: [IP_Flow 19-234] Refreshing IP repositories
INFO: [IP_Flow 19-1700] Loaded user IP repository 'c:/myproject/verilog/IP/Seg7_Dev_IP'.
INFO: [IP_Flow 19-2313] Loaded Vivado IP repository 'C:/Xilinx/Vivado/2024.2/data/ip'.
Command: read_checkpoint -auto_incremental -incremental C:/myproject/verilog/lab2/SOC_system/SOC_system.srcs/utils_1/imports/synth_1/CSSTE.dcp
INFO: [Vivado 12-5825] Read reference checkpoint from C:/myproject/verilog/lab2/SOC_system/SOC_system.srcs/utils_1/imports/synth_1/CSSTE.dcp for incremental synthesis
INFO: [Vivado 12-7989] Please ensure there are no constraint changes
Command: synth_design -top CSSTE -part xc7a100tcsg324-1
Starting synth_design
Attempting to get a license for feature 'Synthesis' and/or device 'xc7a100t'
INFO: [Common 17-349] Got license for feature 'Synthesis' and/or device 'xc7a100t'
INFO: [Device 21-403] Loading part xc7a100tcsg324-1
INFO: [Designutils 20-5440] No compile time benefit to using incremental synthesis; A full resynthesis will be run
INFO: [Designutils 20-4379] Flow is switching to default flow due to incremental criteria not met. If you would like to alter this behaviour and have the flow terminate instead, please set the following parameter config_implementation {autoIncr.Synth.RejectBehavior Terminate}
INFO: [Synth 8-7079] Multithreading enabled for synth_design using a maximum of 2 processes.
INFO: [Synth 8-7078] Launching helper process for spawning children vivado processes
INFO: [Synth 8-7075] Helper process launched with PID 21500
---------------------------------------------------------------------------------
Starting RTL Elaboration : Time (s): cpu = 00:00:04 ; elapsed = 00:00:04 . Memory (MB): peak = 983.875 ; gain = 469.480
---------------------------------------------------------------------------------
INFO: [Synth 8-6157] synthesizing module 'CSSTE' [C:/myproject/verilog/lab2/SOC_system/SOC_system.srcs/sources_1/new/CSSTE.v:23]
INFO: [Synth 8-6157] synthesizing module 'SAnti_jitter' [C:/myproject/verilog/IP/SAnti_jitter/SAnti_jitter.v:15]
WARNING: [Synth 8-7071] port 'Key_x' of module 'SAnti_jitter' is unconnected for instance 'U9' [C:/myproject/verilog/lab2/SOC_system/SOC_system.srcs/sources_1/new/CSSTE.v:77]
WARNING: [Synth 8-7071] port 'Key_out' of module 'SAnti_jitter' is unconnected for instance 'U9' [C:/myproject/verilog/lab2/SOC_system/SOC_system.srcs/sources_1/new/CSSTE.v:77]
WARNING: [Synth 8-7071] port 'Key_ready' of module 'SAnti_jitter' is unconnected for instance 'U9' [C:/myproject/verilog/lab2/SOC_system/SOC_system.srcs/sources_1/new/CSSTE.v:77]
WARNING: [Synth 8-7071] port 'pulse_out' of module 'SAnti_jitter' is unconnected for instance 'U9' [C:/myproject/verilog/lab2/SOC_system/SOC_system.srcs/sources_1/new/CSSTE.v:77]
WARNING: [Synth 8-7071] port 'CR' of module 'SAnti_jitter' is unconnected for instance 'U9' [C:/myproject/verilog/lab2/SOC_system/SOC_system.srcs/sources_1/new/CSSTE.v:77]
WARNING: [Synth 8-7023] instance 'U9' of module 'SAnti_jitter' has 13 connections declared, but only 8 given [C:/myproject/verilog/lab2/SOC_system/SOC_system.srcs/sources_1/new/CSSTE.v:77]
INFO: [Synth 8-6157] synthesizing module 'clk_div' [C:/myproject/verilog/IP/clkdiv/clk_div.v:15]
INFO: [Synth 8-6157] synthesizing module 'SCPU' [C:/myproject/verilog/lab4/SCPU_IP/SCPU.v:3]
INFO: [Synth 8-6157] synthesizing module 'SCPU_ctrl' [C:/myproject/verilog/lab4/SCPU_IP/SCPU_ctrl.v:17]
WARNING: [Synth 8-151] case item 5'b00000 is unreachable [C:/myproject/verilog/lab4/SCPU_IP/SCPU_ctrl.v:39]
INFO: [Synth 8-226] default block is never used [C:/myproject/verilog/lab4/SCPU_IP/SCPU_ctrl.v:66]
INFO: [Synth 8-6155] done synthesizing module 'SCPU_ctrl' (0#1) [C:/myproject/verilog/lab4/SCPU_IP/SCPU_ctrl.v:17]
INFO: [Synth 8-6157] synthesizing module 'DataPath' [C:/myproject/verilog/lab4/SCPU_IP/DataPath.v:3]
INFO: [Synth 8-6157] synthesizing module 'ImmGen' [C:/myproject/verilog/lab4/SCPU_IP/ImmGen.v:3]
INFO: [Synth 8-6155] done synthesizing module 'ImmGen' (0#1) [C:/myproject/verilog/lab4/SCPU_IP/ImmGen.v:3]
INFO: [Synth 8-6157] synthesizing module 'MUX4T1_32' [C:/myproject/verilog/lab4/SCPU_IP/MUX4T1_32.v:22]
INFO: [Synth 8-6155] done synthesizing module 'MUX4T1_32' (0#1) [C:/myproject/verilog/lab4/SCPU_IP/MUX4T1_32.v:22]
INFO: [Synth 8-6157] synthesizing module 'add_32' [C:/myproject/verilog/lab4/SCPU_IP/add.v:23]
INFO: [Synth 8-6155] done synthesizing module 'add_32' (0#1) [C:/myproject/verilog/lab4/SCPU_IP/add.v:23]
INFO: [Synth 8-6157] synthesizing module 'MUX2T1_32' [C:/myproject/verilog/lab4/SCPU_IP/MUX2T1_32.v:23]
INFO: [Synth 8-6155] done synthesizing module 'MUX2T1_32' (0#1) [C:/myproject/verilog/lab4/SCPU_IP/MUX2T1_32.v:23]
INFO: [Synth 8-6157] synthesizing module 'PC' [C:/myproject/verilog/lab4/SCPU_IP/PC.v:3]
INFO: [Synth 8-6155] done synthesizing module 'PC' (0#1) [C:/myproject/verilog/lab4/SCPU_IP/PC.v:3]
INFO: [Synth 8-6157] synthesizing module 'Regs' [C:/myproject/verilog/lab4/SCPU_IP/Regs.v:3]
INFO: [Synth 8-6155] done synthesizing module 'Regs' (0#1) [C:/myproject/verilog/lab4/SCPU_IP/Regs.v:3]
INFO: [Synth 8-6157] synthesizing module 'ALU' [C:/myproject/verilog/lab4/SCPU_IP/ALU.v:3]
INFO: [Synth 8-6155] done synthesizing module 'ALU' (0#1) [C:/myproject/verilog/lab4/SCPU_IP/ALU.v:3]
INFO: [Synth 8-6155] done synthesizing module 'DataPath' (0#1) [C:/myproject/verilog/lab4/SCPU_IP/DataPath.v:3]
INFO: [Synth 8-6155] done synthesizing module 'SCPU' (0#1) [C:/myproject/verilog/lab4/SCPU_IP/SCPU.v:3]
WARNING: [Synth 8-7071] port 'CPU_MIO' of module 'SCPU' is unconnected for instance 'U1' [C:/myproject/verilog/lab2/SOC_system/SOC_system.srcs/sources_1/new/CSSTE.v:144]
WARNING: [Synth 8-7023] instance 'U1' of module 'SCPU' has 42 connections declared, but only 41 given [C:/myproject/verilog/lab2/SOC_system/SOC_system.srcs/sources_1/new/CSSTE.v:144]
INFO: [Synth 8-6157] synthesizing module 'ROM_D_0' [C:/myproject/verilog/lab2/SOC_system/SOC_system.runs/synth_1/.Xil/Vivado-22408-LAPTOP-3JDOGFA0/realtime/ROM_D_0_stub.v:6]
INFO: [Synth 8-6155] done synthesizing module 'ROM_D_0' (0#1) [C:/myproject/verilog/lab2/SOC_system/SOC_system.runs/synth_1/.Xil/Vivado-22408-LAPTOP-3JDOGFA0/realtime/ROM_D_0_stub.v:6]
INFO: [Synth 8-6157] synthesizing module 'RAM' [C:/myproject/verilog/lab2/SOC_system/SOC_system.runs/synth_1/.Xil/Vivado-22408-LAPTOP-3JDOGFA0/realtime/RAM_stub.v:6]
INFO: [Synth 8-6155] done synthesizing module 'RAM' (0#1) [C:/myproject/verilog/lab2/SOC_system/SOC_system.runs/synth_1/.Xil/Vivado-22408-LAPTOP-3JDOGFA0/realtime/RAM_stub.v:6]
INFO: [Synth 8-6157] synthesizing module 'MIO_BUS' [C:/myproject/verilog/IP/MIOBUS/MIO_BUS.v:15]
INFO: [Synth 8-6157] synthesizing module 'Multi_8CH32' [C:/myproject/verilog/IP/Multi_8CH32/Multi_8CH32.v:15]
INFO: [Synth 8-6157] synthesizing module 'Seg7_Dev_0' [c:/myproject/verilog/lab2/SOC_system/SOC_system.gen/sources_1/ip/Seg7_Dev_0/synth/Seg7_Dev_0.v:53]
INFO: [Synth 8-6157] synthesizing module 'Seg7_Dev' [c:/myproject/verilog/lab2/SOC_system/SOC_system.gen/sources_1/ip/Seg7_Dev_0/src/Seg7_Dev.v:23]
INFO: [Synth 8-6157] synthesizing module 'dispsync' [c:/myproject/verilog/lab2/SOC_system/SOC_system.gen/sources_1/ip/Seg7_Dev_0/src/DisplaySync.v:23]
INFO: [Synth 8-6155] done synthesizing module 'dispsync' (0#1) [c:/myproject/verilog/lab2/SOC_system/SOC_system.gen/sources_1/ip/Seg7_Dev_0/src/DisplaySync.v:23]
INFO: [Synth 8-6157] synthesizing module 'MC_14495' [c:/myproject/verilog/lab2/SOC_system/SOC_system.gen/sources_1/ip/Seg7_Dev_0/src/MC_14495.v:23]
INFO: [Synth 8-6157] synthesizing module 'INV' [C:/Xilinx/Vivado/2024.2/scripts/rt/data/unisim_comp.v:80313]
INFO: [Synth 8-6155] done synthesizing module 'INV' (0#1) [C:/Xilinx/Vivado/2024.2/scripts/rt/data/unisim_comp.v:80313]
INFO: [Synth 8-6157] synthesizing module 'AND4' [C:/Xilinx/Vivado/2024.2/scripts/rt/data/unisim_comp.v:1573]
INFO: [Synth 8-6155] done synthesizing module 'AND4' (0#1) [C:/Xilinx/Vivado/2024.2/scripts/rt/data/unisim_comp.v:1573]
INFO: [Synth 8-6157] synthesizing module 'OR4' [C:/Xilinx/Vivado/2024.2/scripts/rt/data/unisim_comp.v:103397]
INFO: [Synth 8-6155] done synthesizing module 'OR4' (0#1) [C:/Xilinx/Vivado/2024.2/scripts/rt/data/unisim_comp.v:103397]
INFO: [Synth 8-6157] synthesizing module 'AND3' [C:/Xilinx/Vivado/2024.2/scripts/rt/data/unisim_comp.v:1525]
INFO: [Synth 8-6155] done synthesizing module 'AND3' (0#1) [C:/Xilinx/Vivado/2024.2/scripts/rt/data/unisim_comp.v:1525]
INFO: [Synth 8-6157] synthesizing module 'OR3' [C:/Xilinx/Vivado/2024.2/scripts/rt/data/unisim_comp.v:103349]
INFO: [Synth 8-6155] done synthesizing module 'OR3' (0#1) [C:/Xilinx/Vivado/2024.2/scripts/rt/data/unisim_comp.v:103349]
INFO: [Synth 8-6157] synthesizing module 'AND2' [C:/Xilinx/Vivado/2024.2/scripts/rt/data/unisim_comp.v:1477]
INFO: [Synth 8-6155] done synthesizing module 'AND2' (0#1) [C:/Xilinx/Vivado/2024.2/scripts/rt/data/unisim_comp.v:1477]
INFO: [Synth 8-6157] synthesizing module 'OR2' [C:/Xilinx/Vivado/2024.2/scripts/rt/data/unisim_comp.v:103303]
INFO: [Synth 8-6155] done synthesizing module 'OR2' (0#1) [C:/Xilinx/Vivado/2024.2/scripts/rt/data/unisim_comp.v:103303]
INFO: [Synth 8-6155] done synthesizing module 'MC_14495' (0#1) [c:/myproject/verilog/lab2/SOC_system/SOC_system.gen/sources_1/ip/Seg7_Dev_0/src/MC_14495.v:23]
INFO: [Synth 8-6155] done synthesizing module 'Seg7_Dev' (0#1) [c:/myproject/verilog/lab2/SOC_system/SOC_system.gen/sources_1/ip/Seg7_Dev_0/src/Seg7_Dev.v:23]
INFO: [Synth 8-6155] done synthesizing module 'Seg7_Dev_0' (0#1) [c:/myproject/verilog/lab2/SOC_system/SOC_system.gen/sources_1/ip/Seg7_Dev_0/synth/Seg7_Dev_0.v:53]
INFO: [Synth 8-6157] synthesizing module 'SPIO' [C:/myproject/verilog/IP/SPIO/SPIO.v:15]
WARNING: [Synth 8-7071] port 'led_clk' of module 'SPIO' is unconnected for instance 'U7' [C:/myproject/verilog/lab2/SOC_system/SOC_system.srcs/sources_1/new/CSSTE.v:256]
WARNING: [Synth 8-7071] port 'led_sout' of module 'SPIO' is unconnected for instance 'U7' [C:/myproject/verilog/lab2/SOC_system/SOC_system.srcs/sources_1/new/CSSTE.v:256]
WARNING: [Synth 8-7071] port 'led_clrn' of module 'SPIO' is unconnected for instance 'U7' [C:/myproject/verilog/lab2/SOC_system/SOC_system.srcs/sources_1/new/CSSTE.v:256]
WARNING: [Synth 8-7071] port 'LED_PEN' of module 'SPIO' is unconnected for instance 'U7' [C:/myproject/verilog/lab2/SOC_system/SOC_system.srcs/sources_1/new/CSSTE.v:256]
WARNING: [Synth 8-7071] port 'GPIOf0' of module 'SPIO' is unconnected for instance 'U7' [C:/myproject/verilog/lab2/SOC_system/SOC_system.srcs/sources_1/new/CSSTE.v:256]
WARNING: [Synth 8-7023] instance 'U7' of module 'SPIO' has 12 connections declared, but only 7 given [C:/myproject/verilog/lab2/SOC_system/SOC_system.srcs/sources_1/new/CSSTE.v:256]
INFO: [Synth 8-6157] synthesizing module 'Counter_x' [C:/myproject/verilog/IP/Counter/Counter_x.v:15]
INFO: [Synth 8-6157] synthesizing module 'VGA' [C:/myproject/verilog/IP/VGA_source/VGA.v:23]
INFO: [Synth 8-6157] synthesizing module 'VgaController' [C:/myproject/verilog/IP/VGA_source/VgaController.v:23]
INFO: [Synth 8-6155] done synthesizing module 'VgaController' (0#1) [C:/myproject/verilog/IP/VGA_source/VgaController.v:23]
INFO: [Synth 8-6157] synthesizing module 'VgaDisplay' [C:/myproject/verilog/IP/VGA_source/VgaDisplay.v:23]
INFO: [Synth 8-3876] $readmem data file 'C://myproject/verilog/IP/mem/vga_debugger.mem' is read successfully [C:/myproject/verilog/IP/VGA_source/VgaDisplay.v:37]
INFO: [Synth 8-3876] $readmem data file 'C://myproject/verilog/IP/mem/font_8x16.mem' is read successfully [C:/myproject/verilog/IP/VGA_source/VgaDisplay.v:47]
INFO: [Synth 8-6155] done synthesizing module 'VgaDisplay' (0#1) [C:/myproject/verilog/IP/VGA_source/VgaDisplay.v:23]
INFO: [Synth 8-6157] synthesizing module 'VgaDebugger' [C:/myproject/verilog/IP/VGA_source/VgaDebugger.v:23]
INFO: [Synth 8-6157] synthesizing module 'Hex2Ascii' [C:/myproject/verilog/IP/VGA_source/Hex2Ascii.v:23]
INFO: [Synth 8-6155] done synthesizing module 'Hex2Ascii' (0#1) [C:/myproject/verilog/IP/VGA_source/Hex2Ascii.v:23]
INFO: [Synth 8-6155] done synthesizing module 'VgaDebugger' (0#1) [C:/myproject/verilog/IP/VGA_source/VgaDebugger.v:23]
INFO: [Synth 8-6155] done synthesizing module 'VGA' (0#1) [C:/myproject/verilog/IP/VGA_source/VGA.v:23]
INFO: [Synth 8-6155] done synthesizing module 'CSSTE' (0#1) [C:/myproject/verilog/lab2/SOC_system/SOC_system.srcs/sources_1/new/CSSTE.v:23]
WARNING: [Synth 8-3848] Net CPU_MIO in module/entity SCPU_ctrl does not have driver. [C:/myproject/verilog/lab4/SCPU_IP/SCPU_ctrl.v:31]
WARNING: [Synth 8-3848] Net overflow in module/entity ALU does not have driver. [C:/myproject/verilog/lab4/SCPU_IP/ALU.v:15]
WARNING: [Synth 8-7129] Port overflow in module ALU is either unconnected or has no load
WARNING: [Synth 8-7129] Port inst_field[6] in module ImmGen is either unconnected or has no load
WARNING: [Synth 8-7129] Port inst_field[5] in module ImmGen is either unconnected or has no load
WARNING: [Synth 8-7129] Port inst_field[4] in module ImmGen is either unconnected or has no load
WARNING: [Synth 8-7129] Port inst_field[3] in module ImmGen is either unconnected or has no load
WARNING: [Synth 8-7129] Port inst_field[2] in module ImmGen is either unconnected or has no load
WARNING: [Synth 8-7129] Port inst_field[1] in module ImmGen is either unconnected or has no load
WARNING: [Synth 8-7129] Port inst_field[0] in module ImmGen is either unconnected or has no load
WARNING: [Synth 8-7129] Port CPU_MIO in module SCPU_ctrl is either unconnected or has no load
WARNING: [Synth 8-7129] Port MIO_ready in module SCPU_ctrl is either unconnected or has no load
---------------------------------------------------------------------------------
Finished RTL Elaboration : Time (s): cpu = 00:00:05 ; elapsed = 00:00:05 . Memory (MB): peak = 1109.137 ; gain = 594.742
---------------------------------------------------------------------------------
---------------------------------------------------------------------------------
Start Handling Custom Attributes
---------------------------------------------------------------------------------
---------------------------------------------------------------------------------
Finished Handling Custom Attributes : Time (s): cpu = 00:00:05 ; elapsed = 00:00:05 . Memory (MB): peak = 1109.137 ; gain = 594.742
---------------------------------------------------------------------------------
---------------------------------------------------------------------------------
Finished RTL Optimization Phase 1 : Time (s): cpu = 00:00:05 ; elapsed = 00:00:05 . Memory (MB): peak = 1109.137 ; gain = 594.742
---------------------------------------------------------------------------------
Netlist sorting complete. Time (s): cpu = 00:00:00 ; elapsed = 00:00:00.024 . Memory (MB): peak = 1109.137 ; gain = 0.000
INFO: [Netlist 29-17] Analyzing 40 Unisim elements for replacement
INFO: [Netlist 29-28] Unisim Transformation completed in 0 CPU seconds
INFO: [Project 1-570] Preparing netlist for logic optimization

Processing XDC Constraints
Initializing timing engine
Parsing XDC File [c:/myproject/verilog/lab2/SOC_system/SOC_system.gen/sources_1/ip/RAM/RAM/RAM_in_context.xdc] for cell 'U3'
Finished Parsing XDC File [c:/myproject/verilog/lab2/SOC_system/SOC_system.gen/sources_1/ip/RAM/RAM/RAM_in_context.xdc] for cell 'U3'
Parsing XDC File [c:/myproject/verilog/lab2/SOC_system/SOC_system.gen/sources_1/ip/ROM_D_0/ROM_D_0/ROM_D_0_in_context.xdc] for cell 'U2'
Finished Parsing XDC File [c:/myproject/verilog/lab2/SOC_system/SOC_system.gen/sources_1/ip/ROM_D_0/ROM_D_0/ROM_D_0_in_context.xdc] for cell 'U2'
Parsing XDC File [C:/myproject/verilog/lab2/lab2IP/A7.xdc]
Finished Parsing XDC File [C:/myproject/verilog/lab2/lab2IP/A7.xdc]
INFO: [Project 1-236] Implementation specific constraints were found while reading constraint file [C:/myproject/verilog/lab2/lab2IP/A7.xdc]. These constraints will be ignored for synthesis but will be used in implementation. Impacted constraints are listed in the file [.Xil/CSSTE_propImpl.xdc].
Resolution: To avoid this warning, move constraints listed in [.Xil/CSSTE_propImpl.xdc] to another XDC file and exclude this new file from synthesis with the used_in_synthesis property (File Properties dialog in GUI) and re-run elaboration/synthesis.
Parsing XDC File [C:/myproject/verilog/lab2/SOC_system/SOC_system.runs/synth_1/dont_touch.xdc]
Finished Parsing XDC File [C:/myproject/verilog/lab2/SOC_system/SOC_system.runs/synth_1/dont_touch.xdc]
Completed Processing XDC Constraints

Netlist sorting complete. Time (s): cpu = 00:00:00 ; elapsed = 00:00:00 . Memory (MB): peak = 1195.887 ; gain = 0.000
INFO: [Project 1-111] Unisim Transformation Summary:
  A total of 40 instances were transformed.
  AND2 => LUT2: 1 instance 
  AND3 => LUT3: 11 instances
  AND4 => LUT4: 9 instances
  INV => LUT1: 5 instances
  OR2 => LUT2: 7 instances
  OR3 => LUT3: 3 instances
  OR4 => LUT4: 4 instances

Constraint Validation Runtime : Time (s): cpu = 00:00:00 ; elapsed = 00:00:00.006 . Memory (MB): peak = 1195.887 ; gain = 0.000
INFO: [Designutils 20-5440] No compile time benefit to using incremental synthesis; A full resynthesis will be run
INFO: [Designutils 20-4379] Flow is switching to default flow due to incremental criteria not met. If you would like to alter this behaviour and have the flow terminate instead, please set the following parameter config_implementation {autoIncr.Synth.RejectBehavior Terminate}
---------------------------------------------------------------------------------
Finished Constraint Validation : Time (s): cpu = 00:00:10 ; elapsed = 00:00:11 . Memory (MB): peak = 1195.887 ; gain = 681.492
---------------------------------------------------------------------------------
---------------------------------------------------------------------------------
Start Loading Part and Timing Information
---------------------------------------------------------------------------------
Loading part: xc7a100tcsg324-1
---------------------------------------------------------------------------------
Finished Loading Part and Timing Information : Time (s): cpu = 00:00:10 ; elapsed = 00:00:11 . Memory (MB): peak = 1195.887 ; gain = 681.492
---------------------------------------------------------------------------------
---------------------------------------------------------------------------------
Start Applying 'set_property' XDC Constraints
---------------------------------------------------------------------------------
Applied set_property KEEP_HIERARCHY = SOFT for U6. (constraint file  auto generated constraint).
Applied set_property KEEP_HIERARCHY = SOFT for U3. (constraint file  auto generated constraint).
Applied set_property KEEP_HIERARCHY = SOFT for U2. (constraint file  auto generated constraint).
---------------------------------------------------------------------------------
Finished applying 'set_property' XDC Constraints : Time (s): cpu = 00:00:10 ; elapsed = 00:00:11 . Memory (MB): peak = 1195.887 ; gain = 681.492
---------------------------------------------------------------------------------
---------------------------------------------------------------------------------
Finished RTL Optimization Phase 2 : Time (s): cpu = 00:00:15 ; elapsed = 00:00:15 . Memory (MB): peak = 1195.887 ; gain = 681.492
---------------------------------------------------------------------------------
---------------------------------------------------------------------------------
Start RTL Component Statistics 
---------------------------------------------------------------------------------
Detailed RTL Component Info : 
+---Adders : 
	   2 Input   32 Bit       Adders := 3     
	   3 Input   32 Bit       Adders := 1     
	   2 Input   12 Bit       Adders := 1     
	   2 Input   10 Bit       Adders := 3     
	   2 Input    9 Bit       Adders := 1     
	   3 Input    8 Bit       Adders := 1     
+---XORs : 
	   2 Input     32 Bit         XORs := 1     
+---Registers : 
	               32 Bit    Registers := 32    
	               12 Bit    Registers := 1     
	               10 Bit    Registers := 2     
	                1 Bit    Registers := 3     
+---Muxes : 
	   4 Input   32 Bit        Muxes := 2     
	   2 Input   32 Bit        Muxes := 2     
	   2 Input   10 Bit        Muxes := 1     
	   2 Input    9 Bit        Muxes := 1     
	   8 Input    8 Bit        Muxes := 1     
	  10 Input    3 Bit        Muxes := 1     
	  10 Input    2 Bit        Muxes := 2     
	  10 Input    1 Bit        Muxes := 3     
	   2 Input    1 Bit        Muxes := 31    
	   8 Input    1 Bit        Muxes := 1     
---------------------------------------------------------------------------------
Finished RTL Component Statistics 
---------------------------------------------------------------------------------
---------------------------------------------------------------------------------
Start Part Resource Summary
---------------------------------------------------------------------------------
Part Resources:
DSPs: 240 (col length:80)
BRAMs: 270 (col length: RAMB18 80 RAMB36 40)
---------------------------------------------------------------------------------
Finished Part Resource Summary
---------------------------------------------------------------------------------
---------------------------------------------------------------------------------
Start Cross Boundary and Area Optimization
---------------------------------------------------------------------------------
WARNING: [Synth 8-7080] Parallel synthesis criteria is not met
WARNING: [Synth 8-7129] Port overflow in module ALU is either unconnected or has no load
WARNING: [Synth 8-7129] Port inst_field[6] in module ImmGen is either unconnected or has no load
WARNING: [Synth 8-7129] Port inst_field[5] in module ImmGen is either unconnected or has no load
WARNING: [Synth 8-7129] Port inst_field[4] in module ImmGen is either unconnected or has no load
WARNING: [Synth 8-7129] Port inst_field[3] in module ImmGen is either unconnected or has no load
WARNING: [Synth 8-7129] Port inst_field[2] in module ImmGen is either unconnected or has no load
WARNING: [Synth 8-7129] Port inst_field[1] in module ImmGen is either unconnected or has no load
WARNING: [Synth 8-7129] Port inst_field[0] in module ImmGen is either unconnected or has no load
WARNING: [Synth 8-6849] Infeasible attribute ram_style = "block" set for RAM "CSSTE/U11/vga_display/display_data_reg",trying to implement using LUTRAM
WARNING: [Synth 8-6849] Infeasible attribute ram_style = "block" set for RAM "CSSTE/U11/vga_display/display_data_reg",trying to implement using LUTRAM
CRITICAL WARNING: [Synth 8-6859] multi-driven net on pin Q with 1st driver pin 'U1/U2/PC/clk_2_reg/Q' [C:/myproject/verilog/lab4/SCPU_IP/PC.v:14]
CRITICAL WARNING: [Synth 8-6859] multi-driven net on pin Q with 2nd driver pin 'GND' [C:/myproject/verilog/lab4/SCPU_IP/PC.v:14]
CRITICAL WARNING: [Synth 8-6858] multi-driven net Q is connected to at least one constant driver which has been preserved, other driver is ignored [C:/myproject/verilog/lab4/SCPU_IP/PC.v:14]
---------------------------------------------------------------------------------
Finished Cross Boundary and Area Optimization : Time (s): cpu = 00:00:56 ; elapsed = 00:00:57 . Memory (MB): peak = 1302.199 ; gain = 787.805
---------------------------------------------------------------------------------
---------------------------------------------------------------------------------
Start ROM, RAM, DSP, Shift Register and Retiming Reporting
---------------------------------------------------------------------------------

ROM: Preliminary Mapping Report
+------------+------------+---------------+----------------+
|Module Name | RTL Object | Depth x Width | Implemented As | 
+------------+------------+---------------+----------------+
|VgaDisplay  | fonts_data | 4096x8        | LUT            | 
|CSSTE       | p_0_out    | 4096x8        | LUT            | 
+------------+------------+---------------+----------------+


Distributed RAM: Preliminary Mapping Report (see note below)
+------------+----------------------------------+-----------+----------------------+---------------+
|Module Name | RTL Object                       | Inference | Size (Depth x Width) | Primitives    | 
+------------+----------------------------------+-----------+----------------------+---------------+
|CSSTE       | U11/vga_display/display_data_reg | Implied   | 4 K x 8              | RAM64M x 192  | 
+------------+----------------------------------+-----------+----------------------+---------------+

Note: The table above is a preliminary report that shows the Distributed RAMs at the current stage of the synthesis flow. Some Distributed RAMs may be reimplemented as non Distributed RAM primitives later in the synthesis flow. Multiple instantiated RAMs are reported only once.
---------------------------------------------------------------------------------
Finished ROM, RAM, DSP, Shift Register and Retiming Reporting
---------------------------------------------------------------------------------
---------------------------------------------------------------------------------
Start Applying XDC Timing Constraints
---------------------------------------------------------------------------------
---------------------------------------------------------------------------------
Finished Applying XDC Timing Constraints : Time (s): cpu = 00:01:00 ; elapsed = 00:01:00 . Memory (MB): peak = 1309.957 ; gain = 795.562
---------------------------------------------------------------------------------
---------------------------------------------------------------------------------
Start Timing Optimization
---------------------------------------------------------------------------------
---------------------------------------------------------------------------------
Finished Timing Optimization : Time (s): cpu = 00:01:02 ; elapsed = 00:01:03 . Memory (MB): peak = 1314.324 ; gain = 799.930
---------------------------------------------------------------------------------
---------------------------------------------------------------------------------
Start ROM, RAM, DSP, Shift Register and Retiming Reporting
---------------------------------------------------------------------------------

Distributed RAM: Final Mapping Report
+------------+----------------------------------+-----------+----------------------+---------------+
|Module Name | RTL Object                       | Inference | Size (Depth x Width) | Primitives    | 
+------------+----------------------------------+-----------+----------------------+---------------+
|CSSTE       | U11/vga_display/display_data_reg | Implied   | 4 K x 8              | RAM64M x 192  | 
+------------+----------------------------------+-----------+----------------------+---------------+

---------------------------------------------------------------------------------
Finished ROM, RAM, DSP, Shift Register and Retiming Reporting
---------------------------------------------------------------------------------
---------------------------------------------------------------------------------
Start Technology Mapping
---------------------------------------------------------------------------------
---------------------------------------------------------------------------------
Finished Technology Mapping : Time (s): cpu = 00:01:04 ; elapsed = 00:01:05 . Memory (MB): peak = 1365.645 ; gain = 851.250
---------------------------------------------------------------------------------
---------------------------------------------------------------------------------
Start IO Insertion
---------------------------------------------------------------------------------
---------------------------------------------------------------------------------
Start Flattening Before IO Insertion
---------------------------------------------------------------------------------
---------------------------------------------------------------------------------
Finished Flattening Before IO Insertion
---------------------------------------------------------------------------------
---------------------------------------------------------------------------------
Start Final Netlist Cleanup
---------------------------------------------------------------------------------
---------------------------------------------------------------------------------
Finished Final Netlist Cleanup
---------------------------------------------------------------------------------
---------------------------------------------------------------------------------
Finished IO Insertion : Time (s): cpu = 00:01:07 ; elapsed = 00:01:08 . Memory (MB): peak = 1528.066 ; gain = 1013.672
---------------------------------------------------------------------------------
---------------------------------------------------------------------------------
Start Renaming Generated Instances
---------------------------------------------------------------------------------
---------------------------------------------------------------------------------
Finished Renaming Generated Instances : Time (s): cpu = 00:01:07 ; elapsed = 00:01:08 . Memory (MB): peak = 1528.066 ; gain = 1013.672
---------------------------------------------------------------------------------
---------------------------------------------------------------------------------
Start Rebuilding User Hierarchy
---------------------------------------------------------------------------------
---------------------------------------------------------------------------------
Finished Rebuilding User Hierarchy : Time (s): cpu = 00:01:07 ; elapsed = 00:01:08 . Memory (MB): peak = 1528.066 ; gain = 1013.672
---------------------------------------------------------------------------------
---------------------------------------------------------------------------------
Start Renaming Generated Ports
---------------------------------------------------------------------------------
---------------------------------------------------------------------------------
Finished Renaming Generated Ports : Time (s): cpu = 00:01:07 ; elapsed = 00:01:08 . Memory (MB): peak = 1528.066 ; gain = 1013.672
---------------------------------------------------------------------------------
---------------------------------------------------------------------------------
Start Handling Custom Attributes
---------------------------------------------------------------------------------
---------------------------------------------------------------------------------
Finished Handling Custom Attributes : Time (s): cpu = 00:01:07 ; elapsed = 00:01:08 . Memory (MB): peak = 1528.066 ; gain = 1013.672
---------------------------------------------------------------------------------
---------------------------------------------------------------------------------
Start Renaming Generated Nets
---------------------------------------------------------------------------------
---------------------------------------------------------------------------------
Finished Renaming Generated Nets : Time (s): cpu = 00:01:07 ; elapsed = 00:01:08 . Memory (MB): peak = 1528.066 ; gain = 1013.672
---------------------------------------------------------------------------------
---------------------------------------------------------------------------------
Start Writing Synthesis Report
---------------------------------------------------------------------------------

Report BlackBoxes: 
+------+--------------+----------+
|      |BlackBox name |Instances |
+------+--------------+----------+
|1     |ROM_D_0       |         1|
|2     |RAM           |         1|
|3     |SAnti_jitter  |         1|
|4     |clk_div       |         1|
|5     |MIO_BUS       |         1|
|6     |Multi_8CH32   |         1|
|7     |SPIO          |         1|
|8     |Counter_x     |         1|
+------+--------------+----------+

Report Cell Usage: 
+------+------------------+------+
|      |Cell              |Count |
+------+------------------+------+
|1     |Counter_x_bbox    |     1|
|2     |MIO_BUS_bbox      |     1|
|3     |Multi_8CH32_bbox  |     1|
|4     |RAM               |     1|
|5     |ROM_D             |     1|
|6     |SAnti_jitter_bbox |     1|
|7     |SPIO_bbox         |     1|
|8     |clk_div_bbox      |     1|
|9     |AND2              |     1|
|10    |AND3              |    11|
|11    |AND4              |     9|
|12    |BUFG              |     2|
|13    |CARRY4            |    35|
|14    |INV               |     5|
|15    |LUT1              |     5|
|16    |LUT2              |   129|
|17    |LUT3              |    94|
|18    |LUT4              |   171|
|19    |LUT5              |   440|
|20    |LUT6              |  2038|
|21    |MUXF7             |   635|
|22    |MUXF8             |    96|
|23    |OR2               |     7|
|24    |OR3               |     3|
|25    |OR4               |     4|
|26    |RAM64M            |   128|
|27    |RAM64X1D          |    62|
|28    |FDCE              |   993|
|29    |FDRE              |    36|
|30    |FDSE              |     2|
|31    |IBUF              |    22|
|32    |OBUF              |    46|
+------+------------------+------+
---------------------------------------------------------------------------------
Finished Writing Synthesis Report : Time (s): cpu = 00:01:07 ; elapsed = 00:01:08 . Memory (MB): peak = 1528.066 ; gain = 1013.672
---------------------------------------------------------------------------------
Synthesis finished with 0 errors, 3 critical warnings and 11 warnings.
Synthesis Optimization Runtime : Time (s): cpu = 00:01:02 ; elapsed = 00:01:07 . Memory (MB): peak = 1528.066 ; gain = 926.922
Synthesis Optimization Complete : Time (s): cpu = 00:01:08 ; elapsed = 00:01:08 . Memory (MB): peak = 1528.066 ; gain = 1013.672
INFO: [Project 1-571] Translating synthesized netlist
Parsing EDIF File [C:/myproject/verilog/IP/SAnti_jitter/SAnti_jitter.edf]
Finished Parsing EDIF File [C:/myproject/verilog/IP/SAnti_jitter/SAnti_jitter.edf]
Parsing EDIF File [C:/myproject/verilog/IP/clkdiv/clk_div.edf]
Finished Parsing EDIF File [C:/myproject/verilog/IP/clkdiv/clk_div.edf]
Parsing EDIF File [C:/myproject/verilog/IP/MIOBUS/MIO_BUS.edf]
Finished Parsing EDIF File [C:/myproject/verilog/IP/MIOBUS/MIO_BUS.edf]
Parsing EDIF File [C:/myproject/verilog/IP/Multi_8CH32/Multi_8CH32.edf]
Finished Parsing EDIF File [C:/myproject/verilog/IP/Multi_8CH32/Multi_8CH32.edf]
Parsing EDIF File [C:/myproject/verilog/IP/SPIO/SPIO.edf]
Finished Parsing EDIF File [C:/myproject/verilog/IP/SPIO/SPIO.edf]
Parsing EDIF File [C:/myproject/verilog/IP/Counter/Counter_x.edf]
Finished Parsing EDIF File [C:/myproject/verilog/IP/Counter/Counter_x.edf]
Netlist sorting complete. Time (s): cpu = 00:00:00 ; elapsed = 00:00:00.046 . Memory (MB): peak = 1542.832 ; gain = 0.000
INFO: [Netlist 29-17] Analyzing 1094 Unisim elements for replacement
INFO: [Netlist 29-28] Unisim Transformation completed in 0 CPU seconds
INFO: [Project 1-479] Netlist was created with Vivado 2017.4
INFO: [Project 1-570] Preparing netlist for logic optimization
INFO: [Opt 31-138] Pushed 0 inverter(s) to 0 load pin(s).
Netlist sorting complete. Time (s): cpu = 00:00:00 ; elapsed = 00:00:00.001 . Memory (MB): peak = 1550.508 ; gain = 0.000
INFO: [Project 1-111] Unisim Transformation Summary:
  A total of 230 instances were transformed.
  AND2 => LUT2: 1 instance 
  AND3 => LUT3: 11 instances
  AND4 => LUT4: 9 instances
  INV => LUT1: 5 instances
  OR2 => LUT2: 7 instances
  OR3 => LUT3: 3 instances
  OR4 => LUT4: 4 instances
  RAM64M => RAM64M (RAMD64E(x4)): 128 instances
  RAM64X1D => RAM64X1D (RAMD64E(x2)): 62 instances

Synth Design complete | Checksum: 7a28c8ae
INFO: [Common 17-83] Releasing license: Synthesis
94 Infos, 38 Warnings, 3 Critical Warnings and 0 Errors encountered.
synth_design completed successfully
synth_design: Time (s): cpu = 00:01:10 ; elapsed = 00:01:13 . Memory (MB): peak = 1550.508 ; gain = 1244.766
INFO: [runtcl-6] Synthesis results are not added to the cache due to CRITICAL_WARNING
Write ShapeDB Complete: Time (s): cpu = 00:00:00 ; elapsed = 00:00:00.010 . Memory (MB): peak = 1550.508 ; gain = 0.000
INFO: [Common 17-1381] The checkpoint 'C:/myproject/verilog/lab2/SOC_system/SOC_system.runs/synth_1/CSSTE.dcp' has been generated.
INFO: [Vivado 12-24828] Executing command : report_utilization -file CSSTE_utilization_synth.rpt -pb CSSTE_utilization_synth.pb
INFO: [Common 17-206] Exiting Vivado at Mon Nov 24 17:07:55 2025...
